{"app_config":{"Env":"develop","Port":9000,"SqliteFile":"","RouterDir":"./config/router","APIDir":"./config/service","SignDir":"./config/sign","LogDir":"./log","SyncInterval":3,"Debug":false},"channel":"svc","level":"info","msg":"AppConfig","time":"2023-05-19T16:01:24+08:00"}
{"channel":"svc","level":"info","message":"Recieved Stop Signal","msg":"StopSyncRouter","time":"2023-05-19T16:01:26+08:00"}
{"channel":"svc","interval":3,"level":"info","msg":"SyncRouterStop","time":"2023-05-19T16:01:26+08:00"}
{"app_config":{"Env":"develop","Port":9000,"SqliteFile":"","RouterDir":"./config/router","APIDir":"./config/service","SignDir":"./config/sign","LogDir":"./log","SyncInterval":3,"Debug":false},"channel":"svc","level":"info","msg":"AppConfig","time":"2023-05-19T16:02:43+08:00"}
{"channel":"svc","level":"info","msg":"SyncAPIOnce","time":"2023-05-19T16:02:46+08:00"}
{"channel":"svc","level":"info","message":"Recieved Stop Signal","msg":"StopSyncRouter","time":"2023-05-19T16:02:46+08:00"}
{"channel":"svc","interval":3,"level":"info","msg":"SyncRouterStop","time":"2023-05-19T16:02:46+08:00"}
{"app_config":{"Env":"develop","Port":9000,"DBConnection":"sqlite://../ccc/sqlite.db","RouterDir":"./config/router","APIDir":"./config/service","SignDir":"./config/sign","LogDir":"./log","SyncInterval":3,"Debug":false},"channel":"svc","level":"info","msg":"AppConfig","time":"2023-05-19T16:53:00+08:00"}
{"app_config":{"Env":"develop","Port":9000,"DBConnection":"sqlite://../sqlite.db","RouterDir":"./config/router","APIDir":"./config/service","SignDir":"./config/sign","LogDir":"./log","SyncInterval":3,"Debug":false},"channel":"svc","level":"info","msg":"AppConfig","time":"2023-05-19T16:53:29+08:00"}
{"channel":"svc","level":"info","msg":"SyncAPIOnce","time":"2023-05-19T16:53:32+08:00"}
{"channel":"svc","level":"info","msg":"SyncAPIOnce","time":"2023-05-19T16:53:35+08:00"}
{"channel":"svc","level":"info","msg":"SyncAPIOnce","time":"2023-05-19T16:53:38+08:00"}
{"channel":"svc","level":"info","msg":"SyncAPIOnce","time":"2023-05-19T16:53:41+08:00"}
{"channel":"svc","level":"info","msg":"SyncAPIOnce","time":"2023-05-19T16:53:44+08:00"}
{"channel":"svc","level":"info","msg":"SyncAPIOnce","time":"2023-05-19T16:53:47+08:00"}
{"channel":"svc","level":"info","msg":"SyncAPIOnce","time":"2023-05-19T16:53:50+08:00"}
{"channel":"svc","level":"info","msg":"SyncAPIOnce","time":"2023-05-19T16:53:53+08:00"}
{"channel":"svc","level":"info","msg":"SyncAPIOnce","time":"2023-05-19T16:53:56+08:00"}
{"channel":"svc","level":"info","msg":"SyncAPIOnce","time":"2023-05-19T16:53:59+08:00"}
{"channel":"svc","level":"info","msg":"SyncAPIOnce","time":"2023-05-19T16:54:02+08:00"}
{"channel":"svc","level":"info","msg":"SyncAPIOnce","time":"2023-05-19T16:54:05+08:00"}
{"channel":"svc","level":"info","msg":"SyncAPIOnce","time":"2023-05-19T16:54:08+08:00"}
{"channel":"svc","level":"info","msg":"SyncAPIOnce","time":"2023-05-19T16:54:11+08:00"}
{"channel":"svc","level":"info","msg":"SyncAPIOnce","time":"2023-05-19T16:54:14+08:00"}
{"channel":"svc","level":"info","msg":"SyncAPIOnce","time":"2023-05-19T16:54:17+08:00"}
{"channel":"svc","level":"info","msg":"SyncAPIOnce","time":"2023-05-19T16:54:20+08:00"}
{"channel":"svc","level":"info","msg":"SyncAPIOnce","time":"2023-05-19T16:54:23+08:00"}
{"channel":"svc","level":"info","msg":"SyncAPIOnce","time":"2023-05-19T16:54:26+08:00"}
{"channel":"svc","level":"info","msg":"SyncAPIOnce","time":"2023-05-19T16:54:29+08:00"}
{"channel":"svc","level":"info","msg":"SyncAPIOnce","time":"2023-05-19T16:54:32+08:00"}
{"channel":"svc","level":"info","msg":"SyncAPIOnce","time":"2023-05-19T16:54:35+08:00"}
{"channel":"svc","level":"info","msg":"SyncAPIOnce","time":"2023-05-19T16:54:38+08:00"}
{"channel":"svc","level":"info","msg":"SyncAPIOnce","time":"2023-05-19T16:54:41+08:00"}
{"channel":"svc","level":"info","msg":"SyncAPIOnce","time":"2023-05-19T16:54:44+08:00"}
{"channel":"svc","level":"info","msg":"SyncAPIOnce","time":"2023-05-19T16:54:47+08:00"}
{"channel":"svc","level":"info","msg":"SyncAPIOnce","time":"2023-05-19T16:54:50+08:00"}
{"channel":"svc","level":"info","msg":"SyncAPIOnce","time":"2023-05-19T16:54:53+08:00"}
{"channel":"svc","level":"info","msg":"SyncAPIOnce","time":"2023-05-19T16:54:56+08:00"}
{"channel":"svc","level":"info","msg":"SyncAPIOnce","time":"2023-05-19T16:54:59+08:00"}
{"channel":"svc","level":"info","msg":"SyncAPIOnce","time":"2023-05-19T16:55:02+08:00"}
{"channel":"svc","level":"info","msg":"SyncAPIOnce","time":"2023-05-19T16:55:05+08:00"}
{"channel":"svc","level":"info","msg":"SyncAPIOnce","time":"2023-05-19T16:55:08+08:00"}
{"channel":"svc","level":"info","msg":"SyncAPIOnce","time":"2023-05-19T16:55:11+08:00"}
{"channel":"svc","level":"info","msg":"SyncAPIOnce","time":"2023-05-19T16:55:14+08:00"}
{"channel":"svc","level":"info","msg":"SyncAPIOnce","time":"2023-05-19T16:55:17+08:00"}
{"channel":"svc","level":"info","msg":"SyncAPIOnce","time":"2023-05-19T16:55:20+08:00"}
{"channel":"svc","level":"info","msg":"SyncAPIOnce","time":"2023-05-19T16:55:23+08:00"}
{"channel":"svc","level":"info","msg":"SyncAPIOnce","time":"2023-05-19T16:55:26+08:00"}
{"channel":"svc","level":"info","msg":"SyncAPIOnce","time":"2023-05-19T16:55:29+08:00"}
{"channel":"svc","level":"info","msg":"SyncAPIOnce","time":"2023-05-19T16:55:32+08:00"}
{"channel":"svc","level":"info","msg":"SyncAPIOnce","time":"2023-05-19T16:55:35+08:00"}
{"channel":"svc","level":"info","msg":"SyncAPIOnce","time":"2023-05-19T16:55:38+08:00"}
{"channel":"svc","level":"info","msg":"SyncAPIOnce","time":"2023-05-19T16:55:41+08:00"}
{"channel":"svc","level":"info","msg":"SyncAPIOnce","time":"2023-05-19T16:55:44+08:00"}
{"channel":"svc","level":"info","msg":"SyncAPIOnce","time":"2023-05-19T16:55:47+08:00"}
{"channel":"svc","level":"info","msg":"SyncAPIOnce","time":"2023-05-19T16:55:50+08:00"}
{"channel":"svc","level":"info","msg":"SyncAPIOnce","time":"2023-05-19T16:55:53+08:00"}
{"channel":"svc","level":"info","message":"Recieved Stop Signal","msg":"StopSyncRouter","time":"2023-05-19T16:55:54+08:00"}
{"channel":"svc","interval":3,"level":"info","msg":"SyncRouterStop","time":"2023-05-19T16:55:54+08:00"}
{"app_config":{"Env":"develop","Port":9000,"DBConnection":"sqlite://../sqlite.db","RouterDir":"./config/router","APIDir":"./config/service","SignDir":"./config/sign","LogDir":"./log","SyncInterval":3,"Debug":false},"channel":"svc","level":"info","msg":"AppConfig","time":"2023-05-19T16:55:57+08:00"}
{"channel":"svc","level":"info","msg":"SyncAPIOnce","time":"2023-05-19T16:56:00+08:00"}
{"channel":"svc","level":"info","msg":"SyncAPIOnce","time":"2023-05-19T16:56:03+08:00"}
{"channel":"svc","level":"info","message":"Recieved Stop Signal","msg":"StopSyncRouter","time":"2023-05-19T16:56:05+08:00"}
{"channel":"svc","interval":3,"level":"info","msg":"SyncRouterStop","time":"2023-05-19T16:56:05+08:00"}
