{"app_config":{"Env":"develop","Port":9000,"ConfigDriver":"file","RouterDir":"./config/router","APIDir":"./config/service","LogDir":"./log","SyncInterval":3,"Debug":false},"channel":"svc","level":"info","msg":"AppConfig","time":"2023-05-09T22:04:12+08:00"}
{"channel":"svc","level":"info","msg":"SyncAPIOnce","time":"2023-05-09T22:04:15+08:00"}
{"channel":"svc","level":"info","msg":"SyncAPIOnce","time":"2023-05-09T22:04:18+08:00"}
{"channel":"svc","level":"info","msg":"SyncAPIOnce","time":"2023-05-09T22:04:21+08:00"}
{"channel":"svc","level":"info","msg":"SyncAPIOnce","time":"2023-05-09T22:04:24+08:00"}
{"channel":"svc","level":"info","msg":"SyncAPIOnce","time":"2023-05-09T22:04:27+08:00"}
{"channel":"svc","level":"info","msg":"SyncAPIOnce","time":"2023-05-09T22:04:30+08:00"}
{"channel":"svc","level":"info","msg":"SyncAPIOnce","time":"2023-05-09T22:04:33+08:00"}
{"channel":"svc","level":"info","msg":"SyncAPIOnce","time":"2023-05-09T22:04:36+08:00"}
{"channel":"svc","level":"info","msg":"SyncAPIOnce","time":"2023-05-09T22:04:39+08:00"}
{"channel":"svc","level":"info","msg":"SyncAPIOnce","time":"2023-05-09T22:04:42+08:00"}
{"channel":"svc","level":"info","msg":"SyncAPIOnce","time":"2023-05-09T22:04:45+08:00"}
{"channel":"svc","level":"info","msg":"SyncAPIOnce","time":"2023-05-09T22:04:48+08:00"}
{"channel":"svc","level":"info","msg":"SyncAPIOnce","time":"2023-05-09T22:04:51+08:00"}
{"channel":"svc","level":"info","msg":"SyncAPIOnce","time":"2023-05-09T22:04:54+08:00"}
{"channel":"svc","level":"info","message":"Recieved Stop Signal","msg":"StopSyncRouter","time":"2023-05-09T22:04:54+08:00"}
{"channel":"svc","interval":3,"level":"info","msg":"SyncRouterStop","time":"2023-05-09T22:04:54+08:00"}
{"app_config":{"Env":"develop","Port":9000,"ConfigDriver":"file","RouterDir":"./config/router","APIDir":"./config/service","LogDir":"./log","SyncInterval":3,"Debug":false},"channel":"svc","level":"info","msg":"AppConfig","time":"2023-05-09T22:04:58+08:00"}
{"channel":"svc","level":"info","msg":"SyncAPIOnce","time":"2023-05-09T22:05:01+08:00"}
{"channel":"svc","level":"info","msg":"SyncAPIOnce","time":"2023-05-09T22:05:04+08:00"}
{"channel":"svc","level":"info","msg":"SyncAPIOnce","time":"2023-05-09T22:05:07+08:00"}
{"channel":"svc","level":"info","msg":"SyncAPIOnce","time":"2023-05-09T22:05:10+08:00"}
{"channel":"svc","level":"info","msg":"SyncAPIOnce","time":"2023-05-09T22:05:13+08:00"}
{"channel":"svc","level":"info","msg":"SyncAPIOnce","time":"2023-05-09T22:05:16+08:00"}
{"channel":"svc","level":"info","msg":"SyncAPIOnce","time":"2023-05-09T22:05:19+08:00"}
{"channel":"svc","level":"info","msg":"SyncAPIOnce","time":"2023-05-09T22:05:22+08:00"}
{"channel":"svc","level":"info","msg":"SyncAPIOnce","time":"2023-05-09T22:05:25+08:00"}
{"channel":"svc","level":"info","msg":"SyncAPIOnce","time":"2023-05-09T22:05:28+08:00"}
{"channel":"svc","level":"info","msg":"SyncAPIOnce","time":"2023-05-09T22:05:31+08:00"}
{"channel":"svc","level":"info","msg":"SyncAPIOnce","time":"2023-05-09T22:05:34+08:00"}
{"channel":"svc","level":"info","msg":"SyncAPIOnce","time":"2023-05-09T22:05:37+08:00"}
{"channel":"svc","level":"info","msg":"SyncAPIOnce","time":"2023-05-09T22:05:40+08:00"}
{"channel":"svc","level":"info","msg":"SyncAPIOnce","time":"2023-05-09T22:05:43+08:00"}
{"channel":"svc","level":"info","msg":"SyncAPIOnce","time":"2023-05-09T22:05:46+08:00"}
{"channel":"svc","level":"info","msg":"SyncAPIOnce","time":"2023-05-09T22:05:49+08:00"}
{"channel":"svc","level":"info","msg":"SyncAPIOnce","time":"2023-05-09T22:05:52+08:00"}
{"channel":"svc","level":"info","msg":"SyncAPIOnce","time":"2023-05-09T22:05:55+08:00"}
{"channel":"svc","level":"info","msg":"SyncAPIOnce","time":"2023-05-09T22:05:58+08:00"}
{"channel":"svc","level":"info","msg":"SyncAPIOnce","time":"2023-05-09T22:06:01+08:00"}
{"channel":"svc","level":"info","message":"Recieved Stop Signal","msg":"StopSyncRouter","time":"2023-05-09T22:06:03+08:00"}
{"channel":"svc","interval":3,"level":"info","msg":"SyncRouterStop","time":"2023-05-09T22:06:03+08:00"}
{"app_config":{"Env":"develop","Port":9000,"ConfigDriver":"file","RouterDir":"./config/router","APIDir":"./config/service","LogDir":"./log","SyncInterval":3,"Debug":false},"channel":"svc","level":"info","msg":"AppConfig","time":"2023-05-09T22:06:08+08:00"}
{"channel":"svc","level":"info","msg":"SyncAPIOnce","time":"2023-05-09T22:06:11+08:00"}
{"channel":"svc","level":"info","msg":"SyncAPIOnce","time":"2023-05-09T22:06:14+08:00"}
{"channel":"svc","level":"info","msg":"SyncAPIOnce","time":"2023-05-09T22:06:17+08:00"}
{"channel":"svc","level":"info","msg":"SyncAPIOnce","time":"2023-05-09T22:06:20+08:00"}
{"channel":"svc","level":"info","msg":"SyncAPIOnce","time":"2023-05-09T22:06:23+08:00"}
{"channel":"svc","level":"info","msg":"SyncAPIOnce","time":"2023-05-09T22:06:26+08:00"}
{"channel":"svc","level":"info","msg":"SyncAPIOnce","time":"2023-05-09T22:06:29+08:00"}
{"channel":"svc","level":"info","msg":"SyncAPIOnce","time":"2023-05-09T22:06:32+08:00"}
{"channel":"svc","level":"info","msg":"SyncAPIOnce","time":"2023-05-09T22:06:35+08:00"}
{"channel":"svc","level":"info","msg":"SyncAPIOnce","time":"2023-05-09T22:06:38+08:00"}
{"channel":"svc","level":"info","msg":"SyncAPIOnce","time":"2023-05-09T22:06:41+08:00"}
{"channel":"svc","level":"info","msg":"SyncAPIOnce","time":"2023-05-09T22:06:44+08:00"}
{"channel":"svc","level":"info","msg":"SyncAPIOnce","time":"2023-05-09T22:06:47+08:00"}
{"channel":"svc","level":"info","msg":"SyncAPIOnce","time":"2023-05-09T22:06:50+08:00"}
{"channel":"svc","level":"info","msg":"SyncAPIOnce","time":"2023-05-09T22:06:53+08:00"}
{"channel":"svc","level":"info","msg":"SyncAPIOnce","time":"2023-05-09T22:06:56+08:00"}
{"channel":"svc","level":"info","msg":"SyncAPIOnce","time":"2023-05-09T22:06:59+08:00"}
{"channel":"svc","level":"info","msg":"SyncAPIOnce","time":"2023-05-09T22:07:02+08:00"}
{"channel":"svc","level":"info","msg":"SyncAPIOnce","time":"2023-05-09T22:07:05+08:00"}
{"channel":"svc","level":"info","msg":"SyncAPIOnce","time":"2023-05-09T22:07:08+08:00"}
{"channel":"svc","level":"info","msg":"SyncAPIOnce","time":"2023-05-09T22:07:11+08:00"}
{"channel":"svc","level":"info","msg":"SyncAPIOnce","time":"2023-05-09T22:07:14+08:00"}
{"channel":"svc","level":"info","msg":"SyncAPIOnce","time":"2023-05-09T22:07:17+08:00"}
{"channel":"svc","level":"info","msg":"SyncAPIOnce","time":"2023-05-09T22:07:20+08:00"}
{"channel":"svc","level":"info","msg":"SyncAPIOnce","time":"2023-05-09T22:07:23+08:00"}
{"channel":"svc","level":"info","msg":"SyncAPIOnce","time":"2023-05-09T22:07:26+08:00"}
{"channel":"svc","level":"info","msg":"SyncAPIOnce","time":"2023-05-09T22:07:29+08:00"}
{"channel":"svc","level":"info","msg":"SyncAPIOnce","time":"2023-05-09T22:07:32+08:00"}
{"channel":"svc","level":"info","msg":"SyncAPIOnce","time":"2023-05-09T22:07:35+08:00"}
{"channel":"svc","level":"info","msg":"SyncAPIOnce","time":"2023-05-09T22:07:38+08:00"}
{"channel":"svc","level":"info","msg":"SyncAPIOnce","time":"2023-05-09T22:07:41+08:00"}
{"channel":"svc","level":"info","msg":"SyncAPIOnce","time":"2023-05-09T22:07:44+08:00"}
{"channel":"svc","level":"info","msg":"SyncAPIOnce","time":"2023-05-09T22:07:47+08:00"}
{"channel":"svc","level":"info","msg":"SyncAPIOnce","time":"2023-05-09T22:07:50+08:00"}
{"channel":"svc","level":"info","msg":"SyncAPIOnce","time":"2023-05-09T22:07:53+08:00"}
{"channel":"svc","level":"info","msg":"SyncAPIOnce","time":"2023-05-09T22:07:56+08:00"}
{"channel":"svc","level":"info","msg":"SyncAPIOnce","time":"2023-05-09T22:07:59+08:00"}
{"channel":"svc","level":"info","msg":"SyncAPIOnce","time":"2023-05-09T22:08:03+08:00"}
{"channel":"svc","level":"info","msg":"SyncAPIOnce","time":"2023-05-09T22:08:06+08:00"}
{"channel":"svc","level":"info","msg":"SyncAPIOnce","time":"2023-05-09T22:08:09+08:00"}
{"channel":"svc","level":"info","msg":"SyncAPIOnce","time":"2023-05-09T22:08:12+08:00"}
{"channel":"svc","level":"info","msg":"SyncAPIOnce","time":"2023-05-09T22:08:15+08:00"}
{"channel":"svc","level":"info","msg":"SyncAPIOnce","time":"2023-05-09T22:08:18+08:00"}
{"channel":"svc","level":"info","msg":"SyncAPIOnce","time":"2023-05-09T22:08:21+08:00"}
{"channel":"svc","level":"info","msg":"SyncAPIOnce","time":"2023-05-09T22:08:24+08:00"}
{"channel":"svc","level":"info","msg":"SyncAPIOnce","time":"2023-05-09T22:08:27+08:00"}
{"channel":"svc","level":"info","msg":"SyncAPIOnce","time":"2023-05-09T22:08:30+08:00"}
{"channel":"svc","level":"info","msg":"SyncAPIOnce","time":"2023-05-09T22:08:33+08:00"}
{"channel":"svc","level":"info","msg":"SyncAPIOnce","time":"2023-05-09T22:08:36+08:00"}
{"channel":"svc","level":"info","msg":"SyncAPIOnce","time":"2023-05-09T22:08:39+08:00"}
{"channel":"svc","level":"info","msg":"SyncAPIOnce","time":"2023-05-09T22:08:42+08:00"}
{"channel":"svc","level":"info","msg":"SyncAPIOnce","time":"2023-05-09T22:08:45+08:00"}
{"channel":"svc","level":"info","msg":"SyncAPIOnce","time":"2023-05-09T22:08:48+08:00"}
{"channel":"svc","level":"info","msg":"SyncAPIOnce","time":"2023-05-09T22:08:51+08:00"}
{"channel":"svc","level":"info","msg":"SyncAPIOnce","time":"2023-05-09T22:08:54+08:00"}
{"channel":"svc","level":"info","msg":"SyncAPIOnce","time":"2023-05-09T22:08:57+08:00"}
{"channel":"svc","level":"info","msg":"SyncAPIOnce","time":"2023-05-09T22:09:00+08:00"}
{"channel":"svc","level":"info","msg":"SyncAPIOnce","time":"2023-05-09T22:09:03+08:00"}
{"channel":"svc","level":"info","msg":"SyncAPIOnce","time":"2023-05-09T22:09:06+08:00"}
{"channel":"svc","level":"info","msg":"SyncAPIOnce","time":"2023-05-09T22:09:09+08:00"}
{"channel":"svc","level":"info","msg":"SyncAPIOnce","time":"2023-05-09T22:09:12+08:00"}
{"channel":"svc","level":"info","msg":"SyncAPIOnce","time":"2023-05-09T22:09:15+08:00"}
{"channel":"svc","level":"info","msg":"SyncAPIOnce","time":"2023-05-09T22:09:18+08:00"}
{"channel":"svc","level":"info","msg":"SyncAPIOnce","time":"2023-05-09T22:09:21+08:00"}
{"channel":"svc","level":"info","msg":"SyncAPIOnce","time":"2023-05-09T22:09:24+08:00"}
{"channel":"svc","level":"info","msg":"SyncAPIOnce","time":"2023-05-09T22:09:27+08:00"}
{"channel":"svc","level":"info","msg":"SyncAPIOnce","time":"2023-05-09T22:09:30+08:00"}
{"channel":"svc","level":"info","msg":"SyncAPIOnce","time":"2023-05-09T22:09:33+08:00"}
{"channel":"svc","level":"info","msg":"SyncAPIOnce","time":"2023-05-09T22:09:36+08:00"}
{"channel":"svc","level":"info","msg":"SyncAPIOnce","time":"2023-05-09T22:09:39+08:00"}
{"channel":"svc","level":"info","msg":"SyncAPIOnce","time":"2023-05-09T22:09:42+08:00"}
{"channel":"svc","level":"info","msg":"SyncAPIOnce","time":"2023-05-09T22:09:45+08:00"}
{"channel":"svc","level":"info","msg":"SyncAPIOnce","time":"2023-05-09T22:09:48+08:00"}
{"channel":"svc","level":"info","msg":"SyncAPIOnce","time":"2023-05-09T22:09:51+08:00"}
{"channel":"svc","level":"info","msg":"SyncAPIOnce","time":"2023-05-09T22:09:54+08:00"}
{"channel":"svc","level":"info","msg":"SyncAPIOnce","time":"2023-05-09T22:09:57+08:00"}
{"channel":"svc","level":"info","msg":"SyncAPIOnce","time":"2023-05-09T22:10:00+08:00"}
{"channel":"svc","level":"info","msg":"SyncAPIOnce","time":"2023-05-09T22:10:03+08:00"}
{"channel":"svc","level":"info","msg":"SyncAPIOnce","time":"2023-05-09T22:10:06+08:00"}
{"channel":"svc","level":"info","msg":"SyncAPIOnce","time":"2023-05-09T22:10:09+08:00"}
{"channel":"svc","level":"info","msg":"SyncAPIOnce","time":"2023-05-09T22:10:12+08:00"}
{"channel":"svc","level":"info","msg":"SyncAPIOnce","time":"2023-05-09T22:10:15+08:00"}
{"channel":"svc","level":"info","msg":"SyncAPIOnce","time":"2023-05-09T22:10:18+08:00"}
{"channel":"svc","level":"info","msg":"SyncAPIOnce","time":"2023-05-09T22:10:21+08:00"}
{"channel":"svc","level":"info","msg":"SyncAPIOnce","time":"2023-05-09T22:10:24+08:00"}
{"channel":"svc","level":"info","msg":"SyncAPIOnce","time":"2023-05-09T22:10:27+08:00"}
{"channel":"svc","level":"info","msg":"SyncAPIOnce","time":"2023-05-09T22:10:30+08:00"}
{"channel":"svc","level":"info","msg":"SyncAPIOnce","time":"2023-05-09T22:10:33+08:00"}
{"channel":"svc","level":"info","msg":"SyncAPIOnce","time":"2023-05-09T22:10:36+08:00"}
{"channel":"svc","level":"info","msg":"SyncAPIOnce","time":"2023-05-09T22:10:39+08:00"}
{"channel":"svc","level":"info","msg":"SyncAPIOnce","time":"2023-05-09T22:10:42+08:00"}
{"channel":"svc","level":"info","msg":"SyncAPIOnce","time":"2023-05-09T22:10:45+08:00"}
{"channel":"svc","level":"info","msg":"SyncAPIOnce","time":"2023-05-09T22:10:48+08:00"}
{"channel":"svc","level":"info","msg":"SyncAPIOnce","time":"2023-05-09T22:10:51+08:00"}
{"channel":"svc","level":"info","msg":"SyncAPIOnce","time":"2023-05-09T22:10:54+08:00"}
{"channel":"svc","level":"info","msg":"SyncAPIOnce","time":"2023-05-09T22:10:57+08:00"}
{"channel":"svc","level":"info","msg":"SyncAPIOnce","time":"2023-05-09T22:11:00+08:00"}
{"channel":"svc","level":"info","msg":"SyncAPIOnce","time":"2023-05-09T22:11:03+08:00"}
{"channel":"svc","level":"info","msg":"SyncAPIOnce","time":"2023-05-09T22:11:06+08:00"}
{"channel":"svc","level":"info","msg":"SyncAPIOnce","time":"2023-05-09T22:11:09+08:00"}
{"channel":"svc","level":"info","message":"Recieved Stop Signal","msg":"StopSyncRouter","time":"2023-05-09T22:11:10+08:00"}
{"channel":"svc","interval":3,"level":"info","msg":"SyncRouterStop","time":"2023-05-09T22:11:10+08:00"}
{"app_config":{"Env":"develop","Port":9000,"ConfigDriver":"file","RouterDir":"./config/router","APIDir":"./config/service","LogDir":"./log","SyncInterval":3,"Debug":false},"channel":"svc","level":"info","msg":"AppConfig","time":"2023-05-09T22:11:16+08:00"}
{"channel":"svc","level":"info","msg":"SyncAPIOnce","time":"2023-05-09T22:11:19+08:00"}
{"channel":"svc","level":"info","msg":"SyncAPIOnce","time":"2023-05-09T22:11:22+08:00"}
{"channel":"svc","level":"info","msg":"SyncAPIOnce","time":"2023-05-09T22:11:25+08:00"}
{"channel":"svc","level":"info","msg":"SyncAPIOnce","time":"2023-05-09T22:11:28+08:00"}
{"channel":"svc","level":"info","msg":"SyncAPIOnce","time":"2023-05-09T22:11:31+08:00"}
{"channel":"svc","level":"info","msg":"SyncAPIOnce","time":"2023-05-09T22:11:34+08:00"}
{"channel":"svc","level":"info","msg":"SyncAPIOnce","time":"2023-05-09T22:11:37+08:00"}
{"channel":"svc","level":"info","msg":"SyncAPIOnce","time":"2023-05-09T22:11:40+08:00"}
{"channel":"svc","level":"info","msg":"SyncAPIOnce","time":"2023-05-09T22:11:43+08:00"}
{"channel":"svc","level":"info","msg":"SyncAPIOnce","time":"2023-05-09T22:11:46+08:00"}
{"channel":"svc","level":"info","msg":"SyncAPIOnce","time":"2023-05-09T22:11:49+08:00"}
{"channel":"svc","level":"info","msg":"SyncAPIOnce","time":"2023-05-09T22:11:52+08:00"}
{"channel":"svc","level":"info","msg":"SyncAPIOnce","time":"2023-05-09T22:11:55+08:00"}
{"channel":"svc","level":"info","msg":"SyncAPIOnce","time":"2023-05-09T22:11:58+08:00"}
{"channel":"svc","level":"info","msg":"SyncAPIOnce","time":"2023-05-09T22:12:01+08:00"}
{"channel":"svc","level":"info","msg":"SyncAPIOnce","time":"2023-05-09T22:12:04+08:00"}
{"channel":"svc","level":"info","msg":"SyncAPIOnce","time":"2023-05-09T22:12:07+08:00"}
{"channel":"svc","level":"info","msg":"SyncAPIOnce","time":"2023-05-09T22:12:10+08:00"}
{"channel":"svc","level":"info","msg":"SyncAPIOnce","time":"2023-05-09T22:12:13+08:00"}
{"channel":"svc","level":"info","msg":"SyncAPIOnce","time":"2023-05-09T22:12:16+08:00"}
{"channel":"svc","level":"info","msg":"SyncAPIOnce","time":"2023-05-09T22:12:19+08:00"}
{"channel":"svc","level":"info","msg":"SyncAPIOnce","time":"2023-05-09T22:12:22+08:00"}
{"channel":"svc","level":"info","msg":"SyncAPIOnce","time":"2023-05-09T22:12:25+08:00"}
{"channel":"svc","level":"info","msg":"SyncAPIOnce","time":"2023-05-09T22:12:28+08:00"}
{"channel":"svc","level":"info","msg":"SyncAPIOnce","time":"2023-05-09T22:12:31+08:00"}
{"channel":"svc","level":"info","msg":"SyncAPIOnce","time":"2023-05-09T22:12:34+08:00"}
{"channel":"svc","level":"info","msg":"SyncAPIOnce","time":"2023-05-09T22:12:37+08:00"}
{"channel":"svc","level":"info","msg":"SyncAPIOnce","time":"2023-05-09T22:12:40+08:00"}
{"channel":"svc","level":"info","msg":"SyncAPIOnce","time":"2023-05-09T22:12:43+08:00"}
{"channel":"svc","level":"info","msg":"SyncAPIOnce","time":"2023-05-09T22:12:46+08:00"}
{"channel":"svc","level":"info","msg":"SyncAPIOnce","time":"2023-05-09T22:12:49+08:00"}
{"channel":"svc","level":"info","msg":"SyncAPIOnce","time":"2023-05-09T22:12:52+08:00"}
{"channel":"svc","level":"info","msg":"SyncAPIOnce","time":"2023-05-09T22:12:55+08:00"}
{"channel":"svc","level":"info","msg":"SyncAPIOnce","time":"2023-05-09T22:12:58+08:00"}
{"channel":"svc","level":"info","msg":"SyncAPIOnce","time":"2023-05-09T22:13:01+08:00"}
{"channel":"svc","level":"info","message":"Recieved Stop Signal","msg":"StopSyncRouter","time":"2023-05-09T22:13:03+08:00"}
{"channel":"svc","interval":3,"level":"info","msg":"SyncRouterStop","time":"2023-05-09T22:13:03+08:00"}
{"app_config":{"Env":"develop","Port":9000,"ConfigDriver":"file","RouterDir":"./config/router","APIDir":"./config/service","LogDir":"./log","SyncInterval":3,"Debug":false},"channel":"svc","level":"info","msg":"AppConfig","time":"2023-05-09T22:13:06+08:00"}
{"channel":"svc","level":"info","msg":"SyncAPIOnce","time":"2023-05-09T22:13:09+08:00"}
{"channel":"svc","level":"info","msg":"SyncAPIOnce","time":"2023-05-09T22:13:12+08:00"}
{"channel":"svc","level":"info","msg":"SyncAPIOnce","time":"2023-05-09T22:13:15+08:00"}
{"channel":"svc","level":"info","msg":"SyncAPIOnce","time":"2023-05-09T22:13:18+08:00"}
{"channel":"svc","level":"info","msg":"SyncAPIOnce","time":"2023-05-09T22:13:21+08:00"}
{"channel":"svc","level":"info","msg":"SyncAPIOnce","time":"2023-05-09T22:13:24+08:00"}
{"channel":"svc","level":"info","msg":"SyncAPIOnce","time":"2023-05-09T22:13:27+08:00"}
{"channel":"svc","level":"info","message":"Recieved Stop Signal","msg":"StopSyncRouter","time":"2023-05-09T22:13:30+08:00"}
{"channel":"svc","interval":3,"level":"info","msg":"SyncRouterStop","time":"2023-05-09T22:13:30+08:00"}
{"app_config":{"Env":"develop","Port":9000,"ConfigDriver":"file","RouterDir":"./config/router","APIDir":"./config/service","LogDir":"./log","SyncInterval":3,"Debug":false},"channel":"svc","level":"info","msg":"AppConfig","time":"2023-05-09T22:13:34+08:00"}
{"channel":"svc","level":"info","msg":"SyncAPIOnce","time":"2023-05-09T22:13:37+08:00"}
{"channel":"svc","level":"info","msg":"SyncAPIOnce","time":"2023-05-09T22:13:40+08:00"}
{"channel":"svc","level":"info","msg":"SyncAPIOnce","time":"2023-05-09T22:13:43+08:00"}
{"channel":"svc","level":"info","msg":"SyncAPIOnce","time":"2023-05-09T22:13:46+08:00"}
{"channel":"svc","level":"info","msg":"SyncAPIOnce","time":"2023-05-09T22:13:49+08:00"}
{"channel":"svc","level":"info","msg":"SyncAPIOnce","time":"2023-05-09T22:13:52+08:00"}
{"channel":"svc","level":"info","msg":"SyncAPIOnce","time":"2023-05-09T22:13:55+08:00"}
{"channel":"svc","level":"info","msg":"SyncAPIOnce","time":"2023-05-09T22:13:58+08:00"}
{"channel":"svc","level":"info","msg":"SyncAPIOnce","time":"2023-05-09T22:14:01+08:00"}
{"channel":"svc","level":"info","msg":"SyncAPIOnce","time":"2023-05-09T22:14:04+08:00"}
{"channel":"svc","level":"info","msg":"SyncAPIOnce","time":"2023-05-09T22:14:07+08:00"}
{"channel":"svc","level":"info","msg":"SyncAPIOnce","time":"2023-05-09T22:14:10+08:00"}
{"channel":"svc","level":"info","msg":"SyncAPIOnce","time":"2023-05-09T22:14:13+08:00"}
{"channel":"svc","level":"info","msg":"SyncAPIOnce","time":"2023-05-09T22:14:16+08:00"}
{"channel":"svc","level":"info","msg":"SyncAPIOnce","time":"2023-05-09T22:14:19+08:00"}
{"channel":"svc","level":"info","msg":"SyncAPIOnce","time":"2023-05-09T22:14:22+08:00"}
{"channel":"svc","level":"info","msg":"SyncAPIOnce","time":"2023-05-09T22:14:25+08:00"}
{"channel":"svc","level":"info","msg":"SyncAPIOnce","time":"2023-05-09T22:14:28+08:00"}
{"channel":"svc","level":"info","msg":"SyncAPIOnce","time":"2023-05-09T22:14:31+08:00"}
{"channel":"svc","level":"info","msg":"SyncAPIOnce","time":"2023-05-09T22:14:34+08:00"}
{"channel":"svc","level":"info","msg":"SyncAPIOnce","time":"2023-05-09T22:14:37+08:00"}
{"channel":"svc","level":"info","msg":"SyncAPIOnce","time":"2023-05-09T22:14:40+08:00"}
{"channel":"svc","level":"info","msg":"SyncAPIOnce","time":"2023-05-09T22:14:43+08:00"}
{"channel":"svc","level":"info","message":"Recieved Stop Signal","msg":"StopSyncRouter","time":"2023-05-09T22:14:44+08:00"}
{"channel":"svc","interval":3,"level":"info","msg":"SyncRouterStop","time":"2023-05-09T22:14:44+08:00"}
{"app_config":{"Env":"develop","Port":9000,"ConfigDriver":"file","RouterDir":"./config/router","APIDir":"./config/service","LogDir":"./log","SyncInterval":3,"Debug":false},"channel":"svc","level":"info","msg":"AppConfig","time":"2023-05-09T22:14:51+08:00"}
{"channel":"svc","level":"info","msg":"SyncAPIOnce","time":"2023-05-09T22:14:54+08:00"}
{"channel":"svc","level":"info","msg":"SyncAPIOnce","time":"2023-05-09T22:14:57+08:00"}
{"channel":"svc","level":"info","msg":"SyncAPIOnce","time":"2023-05-09T22:15:00+08:00"}
{"channel":"svc","level":"info","msg":"SyncAPIOnce","time":"2023-05-09T22:15:03+08:00"}
{"channel":"svc","level":"info","msg":"SyncAPIOnce","time":"2023-05-09T22:15:06+08:00"}
{"channel":"svc","level":"info","msg":"SyncAPIOnce","time":"2023-05-09T22:15:09+08:00"}
{"channel":"svc","level":"info","msg":"SyncAPIOnce","time":"2023-05-09T22:15:12+08:00"}
{"channel":"svc","level":"info","msg":"SyncAPIOnce","time":"2023-05-09T22:15:15+08:00"}
{"channel":"svc","level":"info","msg":"SyncAPIOnce","time":"2023-05-09T22:15:18+08:00"}
{"channel":"svc","level":"info","msg":"SyncAPIOnce","time":"2023-05-09T22:15:21+08:00"}
{"channel":"svc","level":"info","msg":"SyncAPIOnce","time":"2023-05-09T22:15:24+08:00"}
{"channel":"svc","level":"info","msg":"SyncAPIOnce","time":"2023-05-09T22:15:27+08:00"}
{"channel":"svc","level":"info","msg":"SyncAPIOnce","time":"2023-05-09T22:15:30+08:00"}
{"channel":"svc","level":"info","msg":"SyncAPIOnce","time":"2023-05-09T22:15:33+08:00"}
{"channel":"svc","level":"info","msg":"SyncAPIOnce","time":"2023-05-09T22:15:36+08:00"}
{"channel":"svc","level":"info","msg":"SyncAPIOnce","time":"2023-05-09T22:15:39+08:00"}
{"channel":"svc","level":"info","msg":"SyncAPIOnce","time":"2023-05-09T22:15:42+08:00"}
{"channel":"svc","level":"info","msg":"SyncAPIOnce","time":"2023-05-09T22:15:45+08:00"}
{"channel":"svc","level":"info","msg":"SyncAPIOnce","time":"2023-05-09T22:15:48+08:00"}
{"channel":"svc","level":"info","msg":"SyncAPIOnce","time":"2023-05-09T22:15:51+08:00"}
{"channel":"svc","level":"info","msg":"SyncAPIOnce","time":"2023-05-09T22:15:54+08:00"}
{"channel":"svc","level":"info","msg":"SyncAPIOnce","time":"2023-05-09T22:15:57+08:00"}
{"channel":"svc","level":"info","msg":"SyncAPIOnce","time":"2023-05-09T22:16:00+08:00"}
{"channel":"svc","level":"info","msg":"SyncAPIOnce","time":"2023-05-09T22:16:03+08:00"}
{"channel":"svc","level":"info","msg":"SyncAPIOnce","time":"2023-05-09T22:16:06+08:00"}
{"channel":"svc","level":"info","msg":"SyncAPIOnce","time":"2023-05-09T22:16:09+08:00"}
{"channel":"svc","level":"info","msg":"SyncAPIOnce","time":"2023-05-09T22:16:12+08:00"}
{"channel":"svc","level":"info","msg":"SyncAPIOnce","time":"2023-05-09T22:16:15+08:00"}
{"channel":"svc","level":"info","msg":"SyncAPIOnce","time":"2023-05-09T22:16:18+08:00"}
{"channel":"svc","level":"info","msg":"SyncAPIOnce","time":"2023-05-09T22:16:21+08:00"}
{"channel":"svc","level":"info","msg":"SyncAPIOnce","time":"2023-05-09T22:16:24+08:00"}
{"channel":"svc","level":"info","msg":"SyncAPIOnce","time":"2023-05-09T22:16:27+08:00"}
{"channel":"svc","level":"info","msg":"SyncAPIOnce","time":"2023-05-09T22:16:30+08:00"}
{"channel":"svc","level":"info","msg":"SyncAPIOnce","time":"2023-05-09T22:16:33+08:00"}
{"channel":"svc","level":"info","msg":"SyncAPIOnce","time":"2023-05-09T22:16:36+08:00"}
{"channel":"svc","level":"info","msg":"SyncAPIOnce","time":"2023-05-09T22:16:39+08:00"}
{"channel":"svc","level":"info","msg":"SyncAPIOnce","time":"2023-05-09T22:16:42+08:00"}
{"channel":"svc","level":"info","msg":"SyncAPIOnce","time":"2023-05-09T22:16:45+08:00"}
{"channel":"svc","level":"info","msg":"SyncAPIOnce","time":"2023-05-09T22:16:48+08:00"}
{"channel":"svc","level":"info","msg":"SyncAPIOnce","time":"2023-05-09T22:16:51+08:00"}
{"channel":"svc","level":"info","msg":"SyncAPIOnce","time":"2023-05-09T22:16:54+08:00"}
{"channel":"svc","level":"info","msg":"SyncAPIOnce","time":"2023-05-09T22:16:57+08:00"}
{"channel":"svc","level":"info","msg":"SyncAPIOnce","time":"2023-05-09T22:17:00+08:00"}
{"channel":"svc","level":"info","msg":"SyncAPIOnce","time":"2023-05-09T22:17:03+08:00"}
{"channel":"svc","level":"info","msg":"SyncAPIOnce","time":"2023-05-09T22:17:06+08:00"}
{"channel":"svc","level":"info","msg":"SyncAPIOnce","time":"2023-05-09T22:17:09+08:00"}
{"channel":"svc","level":"info","msg":"SyncAPIOnce","time":"2023-05-09T22:17:12+08:00"}
{"channel":"svc","level":"info","msg":"SyncAPIOnce","time":"2023-05-09T22:17:15+08:00"}
{"channel":"svc","level":"info","msg":"SyncAPIOnce","time":"2023-05-09T22:17:18+08:00"}
{"channel":"svc","level":"info","msg":"SyncAPIOnce","time":"2023-05-09T22:17:21+08:00"}
{"channel":"svc","level":"info","msg":"SyncAPIOnce","time":"2023-05-09T22:17:24+08:00"}
{"channel":"svc","level":"info","msg":"SyncAPIOnce","time":"2023-05-09T22:17:27+08:00"}
{"channel":"svc","level":"info","msg":"SyncAPIOnce","time":"2023-05-09T22:17:30+08:00"}
{"channel":"svc","level":"info","msg":"SyncAPIOnce","time":"2023-05-09T22:17:33+08:00"}
{"channel":"svc","level":"info","msg":"SyncAPIOnce","time":"2023-05-09T22:17:36+08:00"}
{"channel":"svc","level":"info","msg":"SyncAPIOnce","time":"2023-05-09T22:17:39+08:00"}
{"channel":"svc","level":"info","msg":"SyncAPIOnce","time":"2023-05-09T22:17:42+08:00"}
{"channel":"svc","level":"info","msg":"SyncAPIOnce","time":"2023-05-09T22:17:45+08:00"}
{"channel":"svc","level":"info","msg":"SyncAPIOnce","time":"2023-05-09T22:17:48+08:00"}
{"channel":"svc","level":"info","message":"Recieved Stop Signal","msg":"StopSyncRouter","time":"2023-05-09T22:17:49+08:00"}
{"channel":"svc","interval":3,"level":"info","msg":"SyncRouterStop","time":"2023-05-09T22:17:49+08:00"}
{"app_config":{"Env":"develop","Port":9000,"ConfigDriver":"file","RouterDir":"./config/router","APIDir":"./config/service","LogDir":"./log","SyncInterval":3,"Debug":false},"channel":"svc","level":"info","msg":"AppConfig","time":"2023-05-09T22:17:53+08:00"}
{"channel":"svc","level":"info","msg":"SyncAPIOnce","time":"2023-05-09T22:17:56+08:00"}
{"channel":"svc","level":"info","msg":"SyncAPIOnce","time":"2023-05-09T22:17:59+08:00"}
{"channel":"svc","level":"info","msg":"SyncAPIOnce","time":"2023-05-09T22:18:02+08:00"}
{"channel":"svc","level":"info","msg":"SyncAPIOnce","time":"2023-05-09T22:18:05+08:00"}
{"channel":"svc","level":"info","msg":"SyncAPIOnce","time":"2023-05-09T22:18:08+08:00"}
{"channel":"svc","level":"info","msg":"SyncAPIOnce","time":"2023-05-09T22:18:11+08:00"}
{"channel":"svc","level":"info","msg":"SyncAPIOnce","time":"2023-05-09T22:18:14+08:00"}
{"channel":"svc","level":"info","msg":"SyncAPIOnce","time":"2023-05-09T22:18:17+08:00"}
{"channel":"svc","level":"info","msg":"SyncAPIOnce","time":"2023-05-09T22:18:20+08:00"}
{"channel":"svc","level":"info","msg":"SyncAPIOnce","time":"2023-05-09T22:18:23+08:00"}
{"channel":"svc","level":"info","msg":"SyncAPIOnce","time":"2023-05-09T22:18:26+08:00"}
{"channel":"svc","level":"info","msg":"SyncAPIOnce","time":"2023-05-09T22:18:29+08:00"}
{"channel":"svc","level":"info","msg":"SyncAPIOnce","time":"2023-05-09T22:18:32+08:00"}
{"channel":"svc","level":"info","msg":"SyncAPIOnce","time":"2023-05-09T22:18:35+08:00"}
{"channel":"svc","level":"info","msg":"SyncAPIOnce","time":"2023-05-09T22:18:38+08:00"}
{"channel":"svc","level":"info","msg":"SyncAPIOnce","time":"2023-05-09T22:18:41+08:00"}
{"channel":"svc","level":"info","msg":"SyncAPIOnce","time":"2023-05-09T22:18:44+08:00"}
{"channel":"svc","level":"info","message":"Recieved Stop Signal","msg":"StopSyncRouter","time":"2023-05-09T22:18:46+08:00"}
{"channel":"svc","interval":3,"level":"info","msg":"SyncRouterStop","time":"2023-05-09T22:18:46+08:00"}
{"app_config":{"Env":"develop","Port":9000,"ConfigDriver":"file","RouterDir":"./config/router","APIDir":"./config/service","LogDir":"./log","SyncInterval":3,"Debug":false},"channel":"svc","level":"info","msg":"AppConfig","time":"2023-05-09T22:18:49+08:00"}
{"channel":"svc","level":"info","msg":"SyncAPIOnce","time":"2023-05-09T22:18:52+08:00"}
{"channel":"svc","level":"info","msg":"SyncAPIOnce","time":"2023-05-09T22:18:55+08:00"}
{"channel":"svc","level":"info","msg":"SyncAPIOnce","time":"2023-05-09T22:18:58+08:00"}
{"channel":"svc","level":"info","msg":"SyncAPIOnce","time":"2023-05-09T22:19:02+08:00"}
{"channel":"svc","level":"info","msg":"SyncAPIOnce","time":"2023-05-09T22:19:05+08:00"}
{"channel":"svc","level":"info","msg":"SyncAPIOnce","time":"2023-05-09T22:19:08+08:00"}
{"channel":"svc","level":"info","msg":"SyncAPIOnce","time":"2023-05-09T22:19:11+08:00"}
{"channel":"svc","level":"info","msg":"SyncAPIOnce","time":"2023-05-09T22:19:14+08:00"}
{"channel":"svc","level":"info","msg":"SyncAPIOnce","time":"2023-05-09T22:19:17+08:00"}
{"channel":"svc","level":"info","msg":"SyncAPIOnce","time":"2023-05-09T22:19:20+08:00"}
{"channel":"svc","level":"info","msg":"SyncAPIOnce","time":"2023-05-09T22:19:23+08:00"}
{"channel":"svc","level":"info","msg":"SyncAPIOnce","time":"2023-05-09T22:19:26+08:00"}
{"channel":"svc","level":"info","msg":"SyncAPIOnce","time":"2023-05-09T22:19:29+08:00"}
{"channel":"svc","level":"info","msg":"SyncAPIOnce","time":"2023-05-09T22:19:32+08:00"}
{"channel":"svc","level":"info","msg":"SyncAPIOnce","time":"2023-05-09T22:19:35+08:00"}
{"channel":"svc","level":"info","msg":"SyncAPIOnce","time":"2023-05-09T22:19:38+08:00"}
{"channel":"svc","level":"info","msg":"SyncAPIOnce","time":"2023-05-09T22:19:41+08:00"}
{"channel":"svc","level":"info","msg":"SyncAPIOnce","time":"2023-05-09T22:19:44+08:00"}
{"channel":"svc","level":"info","msg":"SyncAPIOnce","time":"2023-05-09T22:19:47+08:00"}
{"channel":"svc","level":"info","msg":"SyncAPIOnce","time":"2023-05-09T22:19:50+08:00"}
{"channel":"svc","level":"info","msg":"SyncAPIOnce","time":"2023-05-09T22:19:53+08:00"}
{"channel":"svc","level":"info","msg":"SyncAPIOnce","time":"2023-05-09T22:19:56+08:00"}
{"channel":"svc","level":"info","message":"Recieved Stop Signal","msg":"StopSyncRouter","time":"2023-05-09T22:19:58+08:00"}
{"channel":"svc","interval":3,"level":"info","msg":"SyncRouterStop","time":"2023-05-09T22:19:58+08:00"}
{"app_config":{"Env":"develop","Port":9000,"ConfigDriver":"file","RouterDir":"./config/router","APIDir":"./config/service","LogDir":"./log","SyncInterval":3,"Debug":false},"channel":"svc","level":"info","msg":"AppConfig","time":"2023-05-09T22:20:03+08:00"}
{"channel":"svc","level":"info","msg":"SyncAPIOnce","time":"2023-05-09T22:20:06+08:00"}
{"channel":"svc","level":"info","msg":"SyncAPIOnce","time":"2023-05-09T22:20:09+08:00"}
{"channel":"svc","level":"info","msg":"SyncAPIOnce","time":"2023-05-09T22:20:12+08:00"}
{"channel":"svc","level":"info","msg":"SyncAPIOnce","time":"2023-05-09T22:20:15+08:00"}
{"channel":"svc","level":"info","msg":"SyncAPIOnce","time":"2023-05-09T22:20:18+08:00"}
{"channel":"svc","level":"info","msg":"SyncAPIOnce","time":"2023-05-09T22:20:21+08:00"}
{"channel":"svc","level":"info","msg":"SyncAPIOnce","time":"2023-05-09T22:20:24+08:00"}
{"channel":"svc","level":"info","msg":"SyncAPIOnce","time":"2023-05-09T22:20:27+08:00"}
{"channel":"svc","level":"info","msg":"SyncAPIOnce","time":"2023-05-09T22:20:30+08:00"}
{"channel":"svc","level":"info","msg":"SyncAPIOnce","time":"2023-05-09T22:20:33+08:00"}
{"channel":"svc","level":"info","msg":"SyncAPIOnce","time":"2023-05-09T22:20:36+08:00"}
{"channel":"svc","level":"info","msg":"SyncAPIOnce","time":"2023-05-09T22:20:39+08:00"}
{"channel":"svc","level":"info","msg":"SyncAPIOnce","time":"2023-05-09T22:20:42+08:00"}
{"channel":"svc","level":"info","msg":"SyncAPIOnce","time":"2023-05-09T22:20:45+08:00"}
{"channel":"svc","level":"info","msg":"SyncAPIOnce","time":"2023-05-09T22:20:48+08:00"}
{"channel":"svc","level":"info","msg":"SyncAPIOnce","time":"2023-05-09T22:20:51+08:00"}
{"channel":"svc","level":"info","msg":"SyncAPIOnce","time":"2023-05-09T22:20:54+08:00"}
{"channel":"svc","level":"info","msg":"SyncAPIOnce","time":"2023-05-09T22:20:57+08:00"}
{"channel":"svc","level":"info","message":"Recieved Stop Signal","msg":"StopSyncRouter","time":"2023-05-09T22:20:59+08:00"}
{"channel":"svc","interval":3,"level":"info","msg":"SyncRouterStop","time":"2023-05-09T22:20:59+08:00"}
{"app_config":{"Env":"develop","Port":9000,"ConfigDriver":"file","RouterDir":"./config/router","APIDir":"./config/service","LogDir":"./log","SyncInterval":3,"Debug":false},"channel":"svc","level":"info","msg":"AppConfig","time":"2023-05-09T22:21:03+08:00"}
{"channel":"svc","level":"info","msg":"SyncAPIOnce","time":"2023-05-09T22:21:06+08:00"}
{"channel":"svc","level":"info","msg":"SyncAPIOnce","time":"2023-05-09T22:21:09+08:00"}
{"channel":"svc","level":"info","msg":"SyncAPIOnce","time":"2023-05-09T22:21:12+08:00"}
{"channel":"svc","level":"info","msg":"SyncAPIOnce","time":"2023-05-09T22:21:15+08:00"}
{"channel":"svc","level":"info","msg":"SyncAPIOnce","time":"2023-05-09T22:21:18+08:00"}
{"channel":"svc","level":"info","msg":"SyncAPIOnce","time":"2023-05-09T22:21:21+08:00"}
{"channel":"svc","level":"info","msg":"SyncAPIOnce","time":"2023-05-09T22:21:24+08:00"}
{"channel":"svc","level":"info","msg":"SyncAPIOnce","time":"2023-05-09T22:21:27+08:00"}
{"channel":"svc","level":"info","msg":"SyncAPIOnce","time":"2023-05-09T22:21:30+08:00"}
{"channel":"svc","level":"info","msg":"SyncAPIOnce","time":"2023-05-09T22:21:33+08:00"}
{"channel":"svc","level":"info","msg":"SyncAPIOnce","time":"2023-05-09T22:21:36+08:00"}
{"channel":"svc","level":"info","msg":"SyncAPIOnce","time":"2023-05-09T22:21:39+08:00"}
{"channel":"svc","level":"info","msg":"SyncAPIOnce","time":"2023-05-09T22:21:42+08:00"}
{"channel":"svc","level":"info","msg":"SyncAPIOnce","time":"2023-05-09T22:21:45+08:00"}
{"channel":"svc","level":"info","msg":"SyncAPIOnce","time":"2023-05-09T22:21:48+08:00"}
{"channel":"svc","level":"info","msg":"SyncAPIOnce","time":"2023-05-09T22:21:51+08:00"}
{"channel":"svc","level":"info","msg":"SyncAPIOnce","time":"2023-05-09T22:21:54+08:00"}
{"channel":"svc","level":"info","msg":"SyncAPIOnce","time":"2023-05-09T22:21:57+08:00"}
{"channel":"svc","level":"info","msg":"SyncAPIOnce","time":"2023-05-09T22:22:00+08:00"}
{"channel":"svc","level":"info","msg":"SyncAPIOnce","time":"2023-05-09T22:22:03+08:00"}
{"channel":"svc","level":"info","msg":"SyncAPIOnce","time":"2023-05-09T22:22:06+08:00"}
{"channel":"svc","level":"info","msg":"SyncAPIOnce","time":"2023-05-09T22:22:09+08:00"}
{"channel":"svc","level":"info","msg":"SyncAPIOnce","time":"2023-05-09T22:22:12+08:00"}
{"channel":"svc","level":"info","msg":"SyncAPIOnce","time":"2023-05-09T22:22:15+08:00"}
{"channel":"svc","level":"info","msg":"SyncAPIOnce","time":"2023-05-09T22:22:18+08:00"}
{"channel":"svc","level":"info","msg":"SyncAPIOnce","time":"2023-05-09T22:22:21+08:00"}
{"channel":"svc","level":"info","msg":"SyncAPIOnce","time":"2023-05-09T22:22:24+08:00"}
{"channel":"svc","level":"info","msg":"SyncAPIOnce","time":"2023-05-09T22:22:27+08:00"}
{"channel":"svc","level":"info","msg":"SyncAPIOnce","time":"2023-05-09T22:22:30+08:00"}
{"channel":"svc","level":"info","msg":"SyncAPIOnce","time":"2023-05-09T22:22:33+08:00"}
{"channel":"svc","level":"info","msg":"SyncAPIOnce","time":"2023-05-09T22:22:36+08:00"}
{"channel":"svc","level":"info","msg":"SyncAPIOnce","time":"2023-05-09T22:22:39+08:00"}
{"channel":"svc","level":"info","msg":"SyncAPIOnce","time":"2023-05-09T22:22:42+08:00"}
{"channel":"svc","level":"info","msg":"SyncAPIOnce","time":"2023-05-09T22:22:45+08:00"}
{"channel":"svc","level":"info","msg":"SyncAPIOnce","time":"2023-05-09T22:22:48+08:00"}
{"channel":"svc","level":"info","msg":"SyncAPIOnce","time":"2023-05-09T22:22:51+08:00"}
{"channel":"svc","level":"info","msg":"SyncAPIOnce","time":"2023-05-09T22:22:54+08:00"}
{"channel":"svc","level":"info","msg":"SyncAPIOnce","time":"2023-05-09T22:22:57+08:00"}
{"channel":"svc","level":"info","msg":"SyncAPIOnce","time":"2023-05-09T22:23:00+08:00"}
{"channel":"svc","level":"info","msg":"SyncAPIOnce","time":"2023-05-09T22:23:03+08:00"}
{"channel":"svc","level":"info","msg":"SyncAPIOnce","time":"2023-05-09T22:23:06+08:00"}
{"channel":"svc","level":"info","msg":"SyncAPIOnce","time":"2023-05-09T22:23:09+08:00"}
{"channel":"svc","level":"info","msg":"SyncAPIOnce","time":"2023-05-09T22:23:12+08:00"}
{"channel":"svc","level":"info","msg":"SyncAPIOnce","time":"2023-05-09T22:23:15+08:00"}
{"channel":"svc","level":"info","msg":"SyncAPIOnce","time":"2023-05-09T22:23:18+08:00"}
{"channel":"svc","level":"info","msg":"SyncAPIOnce","time":"2023-05-09T22:23:21+08:00"}
{"channel":"svc","level":"info","msg":"SyncAPIOnce","time":"2023-05-09T22:23:24+08:00"}
{"channel":"svc","level":"info","msg":"SyncAPIOnce","time":"2023-05-09T22:23:27+08:00"}
{"channel":"svc","level":"info","msg":"SyncAPIOnce","time":"2023-05-09T22:23:30+08:00"}
{"channel":"svc","level":"info","msg":"SyncAPIOnce","time":"2023-05-09T22:23:33+08:00"}
{"channel":"svc","level":"info","msg":"SyncAPIOnce","time":"2023-05-09T22:23:36+08:00"}
{"channel":"svc","level":"info","msg":"SyncAPIOnce","time":"2023-05-09T22:23:39+08:00"}
{"channel":"svc","level":"info","msg":"SyncAPIOnce","time":"2023-05-09T22:23:42+08:00"}
{"channel":"svc","level":"info","msg":"SyncAPIOnce","time":"2023-05-09T22:23:45+08:00"}
{"channel":"svc","level":"info","msg":"SyncAPIOnce","time":"2023-05-09T22:23:48+08:00"}
{"channel":"svc","level":"info","msg":"SyncAPIOnce","time":"2023-05-09T22:23:51+08:00"}
{"channel":"svc","level":"info","msg":"SyncAPIOnce","time":"2023-05-09T22:23:54+08:00"}
{"channel":"svc","level":"info","msg":"SyncAPIOnce","time":"2023-05-09T22:23:57+08:00"}
{"channel":"svc","level":"info","msg":"SyncAPIOnce","time":"2023-05-09T22:24:00+08:00"}
{"channel":"svc","level":"info","msg":"SyncAPIOnce","time":"2023-05-09T22:24:03+08:00"}
{"channel":"svc","level":"info","msg":"SyncAPIOnce","time":"2023-05-09T22:24:06+08:00"}
{"channel":"svc","level":"info","msg":"SyncAPIOnce","time":"2023-05-09T22:24:09+08:00"}
{"channel":"svc","level":"info","msg":"SyncAPIOnce","time":"2023-05-09T22:24:12+08:00"}
{"channel":"svc","level":"info","msg":"SyncAPIOnce","time":"2023-05-09T22:24:15+08:00"}
{"channel":"svc","level":"info","msg":"SyncAPIOnce","time":"2023-05-09T22:24:18+08:00"}
{"channel":"svc","level":"info","msg":"SyncAPIOnce","time":"2023-05-09T22:24:21+08:00"}
{"channel":"svc","level":"info","msg":"SyncAPIOnce","time":"2023-05-09T22:24:24+08:00"}
{"channel":"svc","level":"info","msg":"SyncAPIOnce","time":"2023-05-09T22:24:27+08:00"}
{"channel":"svc","level":"info","msg":"SyncAPIOnce","time":"2023-05-09T22:24:30+08:00"}
{"channel":"svc","level":"info","msg":"SyncAPIOnce","time":"2023-05-09T22:24:33+08:00"}
{"channel":"svc","level":"info","msg":"SyncAPIOnce","time":"2023-05-09T22:24:36+08:00"}
{"channel":"svc","level":"info","msg":"SyncAPIOnce","time":"2023-05-09T22:24:39+08:00"}
{"channel":"svc","level":"info","msg":"SyncAPIOnce","time":"2023-05-09T22:24:42+08:00"}
{"channel":"svc","level":"info","msg":"SyncAPIOnce","time":"2023-05-09T22:24:45+08:00"}
{"channel":"svc","level":"info","msg":"SyncAPIOnce","time":"2023-05-09T22:24:48+08:00"}
{"channel":"svc","level":"info","msg":"SyncAPIOnce","time":"2023-05-09T22:24:51+08:00"}
{"channel":"svc","level":"info","msg":"SyncAPIOnce","time":"2023-05-09T22:24:54+08:00"}
{"channel":"svc","level":"info","msg":"SyncAPIOnce","time":"2023-05-09T22:24:57+08:00"}
{"channel":"svc","level":"info","msg":"SyncAPIOnce","time":"2023-05-09T22:25:00+08:00"}
{"channel":"svc","level":"info","msg":"SyncAPIOnce","time":"2023-05-09T22:25:03+08:00"}
{"channel":"svc","level":"info","msg":"SyncAPIOnce","time":"2023-05-09T22:25:06+08:00"}
{"channel":"svc","level":"info","msg":"SyncAPIOnce","time":"2023-05-09T22:25:09+08:00"}
{"channel":"svc","level":"info","msg":"SyncAPIOnce","time":"2023-05-09T22:25:12+08:00"}
{"channel":"svc","level":"info","msg":"SyncAPIOnce","time":"2023-05-09T22:25:15+08:00"}
{"channel":"svc","level":"info","message":"Recieved Stop Signal","msg":"StopSyncRouter","time":"2023-05-09T22:25:16+08:00"}
{"channel":"svc","interval":3,"level":"info","msg":"SyncRouterStop","time":"2023-05-09T22:25:16+08:00"}
{"app_config":{"Env":"develop","Port":9000,"ConfigDriver":"file","RouterDir":"./config/router","APIDir":"./config/service","LogDir":"./log","SyncInterval":3,"Debug":false},"channel":"svc","level":"info","msg":"AppConfig","time":"2023-05-09T22:25:21+08:00"}
{"app_config":{"Env":"develop","Port":9000,"ConfigDriver":"file","RouterDir":"./config/router","APIDir":"./config/service","LogDir":"./log","SyncInterval":3,"Debug":false},"channel":"svc","level":"info","msg":"AppConfig","time":"2023-05-09T22:25:28+08:00"}
{"app_config":{"Env":"develop","Port":9000,"ConfigDriver":"file","RouterDir":"./config/router","APIDir":"./config/service","LogDir":"./log","SyncInterval":3,"Debug":false},"channel":"svc","level":"info","msg":"AppConfig","time":"2023-05-09T22:25:47+08:00"}
{"channel":"svc","level":"info","msg":"SyncAPIOnce","time":"2023-05-09T22:25:50+08:00"}
{"channel":"svc","level":"info","msg":"SyncAPIOnce","time":"2023-05-09T22:25:53+08:00"}
{"channel":"svc","level":"info","msg":"SyncAPIOnce","time":"2023-05-09T22:25:56+08:00"}
{"channel":"svc","level":"info","msg":"SyncAPIOnce","time":"2023-05-09T22:25:59+08:00"}
{"channel":"svc","level":"info","msg":"SyncAPIOnce","time":"2023-05-09T22:26:02+08:00"}
{"channel":"svc","level":"info","msg":"SyncAPIOnce","time":"2023-05-09T22:26:05+08:00"}
{"channel":"svc","level":"info","msg":"SyncAPIOnce","time":"2023-05-09T22:26:08+08:00"}
{"channel":"svc","level":"info","msg":"SyncAPIOnce","time":"2023-05-09T22:26:11+08:00"}
{"channel":"svc","level":"info","msg":"SyncAPIOnce","time":"2023-05-09T22:26:14+08:00"}
{"channel":"svc","level":"info","msg":"SyncAPIOnce","time":"2023-05-09T22:26:17+08:00"}
{"channel":"svc","level":"info","msg":"SyncAPIOnce","time":"2023-05-09T22:26:20+08:00"}
{"channel":"svc","level":"info","msg":"SyncAPIOnce","time":"2023-05-09T22:26:23+08:00"}
{"channel":"svc","level":"info","msg":"SyncAPIOnce","time":"2023-05-09T22:26:26+08:00"}
{"channel":"svc","level":"info","msg":"SyncAPIOnce","time":"2023-05-09T22:26:29+08:00"}
{"channel":"svc","level":"info","msg":"SyncAPIOnce","time":"2023-05-09T22:26:32+08:00"}
{"channel":"svc","level":"info","msg":"SyncAPIOnce","time":"2023-05-09T22:26:35+08:00"}
{"channel":"svc","level":"info","msg":"SyncAPIOnce","time":"2023-05-09T22:26:38+08:00"}
{"channel":"svc","level":"info","message":"Recieved Stop Signal","msg":"StopSyncRouter","time":"2023-05-09T22:26:39+08:00"}
{"channel":"svc","interval":3,"level":"info","msg":"SyncRouterStop","time":"2023-05-09T22:26:39+08:00"}
{"app_config":{"Env":"develop","Port":9000,"ConfigDriver":"file","RouterDir":"./config/router","APIDir":"./config/service","LogDir":"./log","SyncInterval":3,"Debug":false},"channel":"svc","level":"info","msg":"AppConfig","time":"2023-05-09T22:26:43+08:00"}
{"channel":"svc","level":"info","msg":"SyncAPIOnce","time":"2023-05-09T22:26:46+08:00"}
{"channel":"svc","level":"info","msg":"SyncAPIOnce","time":"2023-05-09T22:26:49+08:00"}
{"channel":"svc","level":"info","msg":"SyncAPIOnce","time":"2023-05-09T22:26:52+08:00"}
{"channel":"svc","level":"info","msg":"SyncAPIOnce","time":"2023-05-09T22:26:55+08:00"}
{"channel":"svc","level":"info","msg":"SyncAPIOnce","time":"2023-05-09T22:26:58+08:00"}
{"channel":"svc","level":"info","msg":"SyncAPIOnce","time":"2023-05-09T22:27:01+08:00"}
{"channel":"svc","level":"info","message":"Recieved Stop Signal","msg":"StopSyncRouter","time":"2023-05-09T22:27:04+08:00"}
{"channel":"svc","interval":3,"level":"info","msg":"SyncRouterStop","time":"2023-05-09T22:27:04+08:00"}
{"app_config":{"Env":"develop","Port":9000,"ConfigDriver":"file","RouterDir":"./config/router","APIDir":"./config/service","LogDir":"./log","SyncInterval":3,"Debug":false},"channel":"svc","level":"info","msg":"AppConfig","time":"2023-05-09T22:27:07+08:00"}
{"channel":"svc","level":"info","msg":"SyncAPIOnce","time":"2023-05-09T22:27:10+08:00"}
{"channel":"svc","level":"info","msg":"SyncAPIOnce","time":"2023-05-09T22:27:13+08:00"}
{"channel":"svc","level":"info","msg":"SyncAPIOnce","time":"2023-05-09T22:27:16+08:00"}
{"channel":"svc","level":"info","msg":"SyncAPIOnce","time":"2023-05-09T22:27:19+08:00"}
{"channel":"svc","level":"info","msg":"SyncAPIOnce","time":"2023-05-09T22:27:22+08:00"}
{"channel":"svc","level":"info","msg":"SyncAPIOnce","time":"2023-05-09T22:27:25+08:00"}
{"channel":"svc","level":"info","msg":"SyncAPIOnce","time":"2023-05-09T22:27:28+08:00"}
{"channel":"svc","level":"info","msg":"SyncAPIOnce","time":"2023-05-09T22:27:31+08:00"}
{"channel":"svc","level":"info","msg":"SyncAPIOnce","time":"2023-05-09T22:27:34+08:00"}
{"channel":"svc","level":"info","msg":"SyncAPIOnce","time":"2023-05-09T22:27:37+08:00"}
{"channel":"svc","level":"info","msg":"SyncAPIOnce","time":"2023-05-09T22:27:40+08:00"}
{"channel":"svc","level":"info","msg":"SyncAPIOnce","time":"2023-05-09T22:27:43+08:00"}
{"channel":"svc","level":"info","msg":"SyncAPIOnce","time":"2023-05-09T22:27:46+08:00"}
{"channel":"svc","level":"info","msg":"SyncAPIOnce","time":"2023-05-09T22:27:49+08:00"}
{"channel":"svc","level":"info","msg":"SyncAPIOnce","time":"2023-05-09T22:27:52+08:00"}
{"channel":"svc","level":"info","msg":"SyncAPIOnce","time":"2023-05-09T22:27:55+08:00"}
{"channel":"svc","level":"info","msg":"SyncAPIOnce","time":"2023-05-09T22:27:58+08:00"}
{"channel":"svc","level":"info","msg":"SyncAPIOnce","time":"2023-05-09T22:28:01+08:00"}
{"channel":"svc","level":"info","message":"Recieved Stop Signal","msg":"StopSyncRouter","time":"2023-05-09T22:28:02+08:00"}
{"channel":"svc","interval":3,"level":"info","msg":"SyncRouterStop","time":"2023-05-09T22:28:02+08:00"}
{"app_config":{"Env":"develop","Port":9000,"ConfigDriver":"file","RouterDir":"./config/router","APIDir":"./config/service","LogDir":"./log","SyncInterval":3,"Debug":false},"channel":"svc","level":"info","msg":"AppConfig","time":"2023-05-09T22:28:07+08:00"}
{"channel":"svc","level":"info","msg":"SyncAPIOnce","time":"2023-05-09T22:28:10+08:00"}
{"channel":"svc","level":"info","msg":"SyncAPIOnce","time":"2023-05-09T22:28:13+08:00"}
{"channel":"svc","level":"info","msg":"SyncAPIOnce","time":"2023-05-09T22:28:16+08:00"}
{"channel":"svc","level":"info","msg":"SyncAPIOnce","time":"2023-05-09T22:28:19+08:00"}
{"channel":"svc","level":"info","msg":"SyncAPIOnce","time":"2023-05-09T22:28:22+08:00"}
{"channel":"svc","level":"info","message":"Recieved Stop Signal","msg":"StopSyncRouter","time":"2023-05-09T22:28:24+08:00"}
{"channel":"svc","interval":3,"level":"info","msg":"SyncRouterStop","time":"2023-05-09T22:28:24+08:00"}
{"app_config":{"Env":"develop","Port":9000,"ConfigDriver":"file","RouterDir":"./config/router","APIDir":"./config/service","LogDir":"./log","SyncInterval":3,"Debug":false},"channel":"svc","level":"info","msg":"AppConfig","time":"2023-05-09T22:28:29+08:00"}
{"channel":"svc","level":"info","msg":"SyncAPIOnce","time":"2023-05-09T22:28:32+08:00"}
{"channel":"svc","level":"info","msg":"SyncAPIOnce","time":"2023-05-09T22:28:35+08:00"}
{"channel":"svc","level":"info","msg":"SyncAPIOnce","time":"2023-05-09T22:28:38+08:00"}
{"channel":"svc","level":"info","msg":"SyncAPIOnce","time":"2023-05-09T22:28:41+08:00"}
{"channel":"svc","level":"info","msg":"SyncAPIOnce","time":"2023-05-09T22:28:44+08:00"}
{"channel":"svc","level":"info","msg":"SyncAPIOnce","time":"2023-05-09T22:28:47+08:00"}
{"channel":"svc","level":"info","msg":"SyncAPIOnce","time":"2023-05-09T22:28:50+08:00"}
{"channel":"svc","level":"info","msg":"SyncAPIOnce","time":"2023-05-09T22:28:53+08:00"}
{"channel":"svc","level":"info","msg":"SyncAPIOnce","time":"2023-05-09T22:28:56+08:00"}
{"channel":"svc","level":"info","msg":"SyncAPIOnce","time":"2023-05-09T22:28:59+08:00"}
{"channel":"svc","level":"info","msg":"SyncAPIOnce","time":"2023-05-09T22:29:02+08:00"}
{"channel":"svc","level":"info","msg":"SyncAPIOnce","time":"2023-05-09T22:29:05+08:00"}
{"channel":"svc","level":"info","msg":"SyncAPIOnce","time":"2023-05-09T22:29:08+08:00"}
{"channel":"svc","level":"info","msg":"SyncAPIOnce","time":"2023-05-09T22:29:11+08:00"}
{"channel":"svc","level":"info","msg":"SyncAPIOnce","time":"2023-05-09T22:29:14+08:00"}
{"channel":"svc","level":"info","msg":"SyncAPIOnce","time":"2023-05-09T22:29:17+08:00"}
{"channel":"svc","level":"info","msg":"SyncAPIOnce","time":"2023-05-09T22:29:21+08:00"}
{"channel":"svc","level":"info","msg":"SyncAPIOnce","time":"2023-05-09T22:29:24+08:00"}
{"channel":"svc","level":"info","msg":"SyncAPIOnce","time":"2023-05-09T22:29:27+08:00"}
{"channel":"svc","level":"info","msg":"SyncAPIOnce","time":"2023-05-09T22:29:30+08:00"}
{"channel":"svc","level":"info","msg":"SyncAPIOnce","time":"2023-05-09T22:29:33+08:00"}
{"channel":"svc","level":"info","msg":"SyncAPIOnce","time":"2023-05-09T22:29:36+08:00"}
{"channel":"svc","level":"info","msg":"SyncAPIOnce","time":"2023-05-09T22:29:39+08:00"}
{"channel":"svc","level":"info","msg":"SyncAPIOnce","time":"2023-05-09T22:29:42+08:00"}
{"channel":"svc","level":"info","msg":"SyncAPIOnce","time":"2023-05-09T22:29:45+08:00"}
{"channel":"svc","level":"info","msg":"SyncAPIOnce","time":"2023-05-09T22:29:48+08:00"}
{"channel":"svc","level":"info","msg":"SyncAPIOnce","time":"2023-05-09T22:29:51+08:00"}
{"channel":"svc","level":"info","msg":"SyncAPIOnce","time":"2023-05-09T22:29:54+08:00"}
{"channel":"svc","level":"info","msg":"SyncAPIOnce","time":"2023-05-09T22:29:57+08:00"}
{"channel":"svc","level":"info","msg":"SyncAPIOnce","time":"2023-05-09T22:30:00+08:00"}
{"channel":"svc","level":"info","msg":"SyncAPIOnce","time":"2023-05-09T22:30:03+08:00"}
{"channel":"svc","level":"info","msg":"SyncAPIOnce","time":"2023-05-09T22:30:06+08:00"}
{"channel":"svc","level":"info","msg":"SyncAPIOnce","time":"2023-05-09T22:30:09+08:00"}
{"channel":"svc","level":"info","msg":"SyncAPIOnce","time":"2023-05-09T22:30:12+08:00"}
{"channel":"svc","level":"info","message":"Recieved Stop Signal","msg":"StopSyncRouter","time":"2023-05-09T22:30:12+08:00"}
{"channel":"svc","interval":3,"level":"info","msg":"SyncRouterStop","time":"2023-05-09T22:30:12+08:00"}
{"app_config":{"Env":"develop","Port":9000,"ConfigDriver":"file","RouterDir":"./config/router","APIDir":"./config/service","LogDir":"./log","SyncInterval":3,"Debug":false},"channel":"svc","level":"info","msg":"AppConfig","time":"2023-05-09T22:30:16+08:00"}
{"channel":"svc","level":"info","msg":"SyncAPIOnce","time":"2023-05-09T22:30:19+08:00"}
{"channel":"svc","level":"info","msg":"SyncAPIOnce","time":"2023-05-09T22:30:22+08:00"}
{"channel":"svc","level":"info","msg":"SyncAPIOnce","time":"2023-05-09T22:30:25+08:00"}
{"channel":"svc","level":"info","msg":"SyncAPIOnce","time":"2023-05-09T22:30:28+08:00"}
{"channel":"svc","level":"info","msg":"SyncAPIOnce","time":"2023-05-09T22:30:31+08:00"}
{"channel":"svc","level":"info","msg":"SyncAPIOnce","time":"2023-05-09T22:30:34+08:00"}
{"channel":"svc","level":"info","msg":"SyncAPIOnce","time":"2023-05-09T22:30:37+08:00"}
{"channel":"svc","level":"info","msg":"SyncAPIOnce","time":"2023-05-09T22:30:40+08:00"}
{"channel":"svc","level":"info","msg":"SyncAPIOnce","time":"2023-05-09T22:30:43+08:00"}
{"channel":"svc","level":"info","msg":"SyncAPIOnce","time":"2023-05-09T22:30:46+08:00"}
{"channel":"svc","level":"info","msg":"SyncAPIOnce","time":"2023-05-09T22:30:49+08:00"}
{"channel":"svc","level":"info","msg":"SyncAPIOnce","time":"2023-05-09T22:30:52+08:00"}
{"channel":"svc","level":"info","msg":"SyncAPIOnce","time":"2023-05-09T22:30:55+08:00"}
{"channel":"svc","level":"info","msg":"SyncAPIOnce","time":"2023-05-09T22:30:58+08:00"}
{"channel":"svc","level":"info","msg":"SyncAPIOnce","time":"2023-05-09T22:31:01+08:00"}
{"channel":"svc","level":"info","msg":"SyncAPIOnce","time":"2023-05-09T22:31:04+08:00"}
{"channel":"svc","level":"info","msg":"SyncAPIOnce","time":"2023-05-09T22:31:07+08:00"}
{"channel":"svc","level":"info","message":"Recieved Stop Signal","msg":"StopSyncRouter","time":"2023-05-09T22:31:08+08:00"}
{"channel":"svc","interval":3,"level":"info","msg":"SyncRouterStop","time":"2023-05-09T22:31:08+08:00"}
{"app_config":{"Env":"develop","Port":9000,"ConfigDriver":"file","RouterDir":"./config/router","APIDir":"./config/service","LogDir":"./log","SyncInterval":3,"Debug":false},"channel":"svc","level":"info","msg":"AppConfig","time":"2023-05-09T22:31:12+08:00"}
{"channel":"svc","level":"info","msg":"SyncAPIOnce","time":"2023-05-09T22:31:15+08:00"}
{"channel":"svc","level":"info","msg":"SyncAPIOnce","time":"2023-05-09T22:31:18+08:00"}
{"channel":"svc","level":"info","msg":"SyncAPIOnce","time":"2023-05-09T22:31:21+08:00"}
{"channel":"svc","level":"info","msg":"SyncAPIOnce","time":"2023-05-09T22:31:24+08:00"}
{"channel":"svc","level":"info","msg":"SyncAPIOnce","time":"2023-05-09T22:31:27+08:00"}
{"channel":"svc","level":"info","msg":"SyncAPIOnce","time":"2023-05-09T22:31:30+08:00"}
{"channel":"svc","level":"info","msg":"SyncAPIOnce","time":"2023-05-09T22:31:33+08:00"}
{"channel":"svc","level":"info","msg":"SyncAPIOnce","time":"2023-05-09T22:31:36+08:00"}
{"channel":"svc","level":"info","msg":"SyncAPIOnce","time":"2023-05-09T22:31:39+08:00"}
{"channel":"svc","level":"info","msg":"SyncAPIOnce","time":"2023-05-09T22:31:42+08:00"}
{"channel":"svc","level":"info","msg":"SyncAPIOnce","time":"2023-05-09T22:31:45+08:00"}
{"channel":"svc","level":"info","msg":"SyncAPIOnce","time":"2023-05-09T22:31:48+08:00"}
{"channel":"svc","level":"info","msg":"SyncAPIOnce","time":"2023-05-09T22:31:51+08:00"}
{"channel":"svc","level":"info","msg":"SyncAPIOnce","time":"2023-05-09T22:31:54+08:00"}
{"channel":"svc","level":"info","msg":"SyncAPIOnce","time":"2023-05-09T22:31:57+08:00"}
{"channel":"svc","level":"info","msg":"SyncAPIOnce","time":"2023-05-09T22:32:00+08:00"}
{"channel":"svc","level":"info","msg":"SyncAPIOnce","time":"2023-05-09T22:32:03+08:00"}
{"channel":"svc","level":"info","msg":"SyncAPIOnce","time":"2023-05-09T22:32:06+08:00"}
{"channel":"svc","level":"info","msg":"SyncAPIOnce","time":"2023-05-09T22:32:09+08:00"}
{"channel":"svc","level":"info","msg":"SyncAPIOnce","time":"2023-05-09T22:32:12+08:00"}
{"channel":"svc","level":"info","msg":"SyncAPIOnce","time":"2023-05-09T22:32:15+08:00"}
{"channel":"svc","level":"info","msg":"SyncAPIOnce","time":"2023-05-09T22:32:18+08:00"}
{"channel":"svc","level":"info","msg":"SyncAPIOnce","time":"2023-05-09T22:32:21+08:00"}
{"channel":"svc","level":"info","msg":"SyncAPIOnce","time":"2023-05-09T22:32:24+08:00"}
{"channel":"svc","level":"info","msg":"SyncAPIOnce","time":"2023-05-09T22:32:27+08:00"}
{"channel":"svc","level":"info","msg":"SyncAPIOnce","time":"2023-05-09T22:32:30+08:00"}
{"channel":"svc","level":"info","msg":"SyncAPIOnce","time":"2023-05-09T22:32:33+08:00"}
{"channel":"svc","level":"info","msg":"SyncAPIOnce","time":"2023-05-09T22:32:36+08:00"}
{"channel":"svc","level":"info","msg":"SyncAPIOnce","time":"2023-05-09T22:32:39+08:00"}
{"channel":"svc","level":"info","msg":"SyncAPIOnce","time":"2023-05-09T22:32:42+08:00"}
{"channel":"svc","level":"info","msg":"SyncAPIOnce","time":"2023-05-09T22:32:45+08:00"}
{"channel":"svc","level":"info","msg":"SyncAPIOnce","time":"2023-05-09T22:32:48+08:00"}
{"channel":"svc","level":"info","msg":"SyncAPIOnce","time":"2023-05-09T22:32:51+08:00"}
{"channel":"svc","level":"info","msg":"SyncAPIOnce","time":"2023-05-09T22:32:54+08:00"}
{"channel":"svc","level":"info","msg":"SyncAPIOnce","time":"2023-05-09T22:32:57+08:00"}
{"channel":"svc","level":"info","msg":"SyncAPIOnce","time":"2023-05-09T22:33:00+08:00"}
{"channel":"svc","level":"info","msg":"SyncAPIOnce","time":"2023-05-09T22:33:03+08:00"}
{"channel":"svc","level":"info","msg":"SyncAPIOnce","time":"2023-05-09T22:33:06+08:00"}
{"channel":"svc","level":"info","msg":"SyncAPIOnce","time":"2023-05-09T22:33:09+08:00"}
{"channel":"svc","level":"info","msg":"SyncAPIOnce","time":"2023-05-09T22:33:12+08:00"}
{"channel":"svc","level":"info","msg":"SyncAPIOnce","time":"2023-05-09T22:33:15+08:00"}
{"channel":"svc","level":"info","msg":"SyncAPIOnce","time":"2023-05-09T22:33:18+08:00"}
{"channel":"svc","level":"info","msg":"SyncAPIOnce","time":"2023-05-09T22:33:21+08:00"}
{"channel":"svc","level":"info","msg":"SyncAPIOnce","time":"2023-05-09T22:33:24+08:00"}
{"channel":"svc","level":"info","msg":"SyncAPIOnce","time":"2023-05-09T22:33:27+08:00"}
{"channel":"svc","level":"info","msg":"SyncAPIOnce","time":"2023-05-09T22:33:30+08:00"}
{"channel":"svc","level":"info","msg":"SyncAPIOnce","time":"2023-05-09T22:33:33+08:00"}
{"channel":"svc","level":"info","msg":"SyncAPIOnce","time":"2023-05-09T22:33:36+08:00"}
{"channel":"svc","level":"info","msg":"SyncAPIOnce","time":"2023-05-09T22:33:39+08:00"}
{"channel":"svc","level":"info","msg":"SyncAPIOnce","time":"2023-05-09T22:33:42+08:00"}
{"channel":"svc","level":"info","msg":"SyncAPIOnce","time":"2023-05-09T22:33:45+08:00"}
{"channel":"svc","level":"info","msg":"SyncAPIOnce","time":"2023-05-09T22:33:48+08:00"}
{"channel":"svc","level":"info","msg":"SyncAPIOnce","time":"2023-05-09T22:33:51+08:00"}
{"channel":"svc","level":"info","msg":"SyncAPIOnce","time":"2023-05-09T22:33:54+08:00"}
{"channel":"svc","level":"info","msg":"SyncAPIOnce","time":"2023-05-09T22:33:57+08:00"}
{"channel":"svc","level":"info","msg":"SyncAPIOnce","time":"2023-05-09T22:34:00+08:00"}
{"channel":"svc","level":"info","msg":"SyncAPIOnce","time":"2023-05-09T22:34:03+08:00"}
{"channel":"svc","level":"info","msg":"SyncAPIOnce","time":"2023-05-09T22:34:06+08:00"}
{"channel":"svc","level":"info","msg":"SyncAPIOnce","time":"2023-05-09T22:34:09+08:00"}
{"channel":"svc","level":"info","msg":"SyncAPIOnce","time":"2023-05-09T22:34:12+08:00"}
{"channel":"svc","level":"info","msg":"SyncAPIOnce","time":"2023-05-09T22:34:15+08:00"}
{"channel":"svc","level":"info","msg":"SyncAPIOnce","time":"2023-05-09T22:34:18+08:00"}
{"channel":"svc","level":"info","msg":"SyncAPIOnce","time":"2023-05-09T22:34:21+08:00"}
{"channel":"svc","level":"info","msg":"SyncAPIOnce","time":"2023-05-09T22:34:24+08:00"}
{"channel":"svc","level":"info","msg":"SyncAPIOnce","time":"2023-05-09T22:34:27+08:00"}
{"channel":"svc","level":"info","msg":"SyncAPIOnce","time":"2023-05-09T22:34:30+08:00"}
{"channel":"svc","level":"info","msg":"SyncAPIOnce","time":"2023-05-09T22:34:33+08:00"}
{"channel":"svc","level":"info","msg":"SyncAPIOnce","time":"2023-05-09T22:34:36+08:00"}
{"channel":"svc","level":"info","msg":"SyncAPIOnce","time":"2023-05-09T22:34:40+08:00"}
{"channel":"svc","level":"info","msg":"SyncAPIOnce","time":"2023-05-09T22:34:43+08:00"}
{"channel":"svc","level":"info","msg":"SyncAPIOnce","time":"2023-05-09T22:34:46+08:00"}
{"channel":"svc","level":"info","msg":"SyncAPIOnce","time":"2023-05-09T22:34:49+08:00"}
{"channel":"svc","level":"info","msg":"SyncAPIOnce","time":"2023-05-09T22:34:52+08:00"}
{"channel":"svc","level":"info","msg":"SyncAPIOnce","time":"2023-05-09T22:34:55+08:00"}
{"channel":"svc","level":"info","msg":"SyncAPIOnce","time":"2023-05-09T22:34:58+08:00"}
{"channel":"svc","level":"info","msg":"SyncAPIOnce","time":"2023-05-09T22:35:01+08:00"}
{"channel":"svc","level":"info","msg":"SyncAPIOnce","time":"2023-05-09T22:35:04+08:00"}
{"channel":"svc","level":"info","message":"Recieved Stop Signal","msg":"StopSyncRouter","time":"2023-05-09T22:35:04+08:00"}
{"channel":"svc","interval":3,"level":"info","msg":"SyncRouterStop","time":"2023-05-09T22:35:04+08:00"}
{"app_config":{"Env":"develop","Port":9000,"ConfigDriver":"file","RouterDir":"./config/router","APIDir":"./config/service","LogDir":"./log","SyncInterval":3,"Debug":false},"channel":"svc","level":"info","msg":"AppConfig","time":"2023-05-09T22:35:08+08:00"}
{"channel":"svc","level":"info","msg":"SyncAPIOnce","time":"2023-05-09T22:35:11+08:00"}
{"channel":"svc","level":"info","msg":"SyncAPIOnce","time":"2023-05-09T22:35:14+08:00"}
{"channel":"svc","level":"info","msg":"SyncAPIOnce","time":"2023-05-09T22:35:18+08:00"}
{"channel":"svc","level":"info","msg":"SyncAPIOnce","time":"2023-05-09T22:35:21+08:00"}
{"channel":"svc","level":"info","msg":"SyncAPIOnce","time":"2023-05-09T22:35:24+08:00"}
{"channel":"svc","level":"info","msg":"SyncAPIOnce","time":"2023-05-09T22:35:27+08:00"}
{"channel":"svc","level":"info","msg":"SyncAPIOnce","time":"2023-05-09T22:35:30+08:00"}
{"channel":"svc","level":"info","message":"Recieved Stop Signal","msg":"StopSyncRouter","time":"2023-05-09T22:35:31+08:00"}
{"channel":"svc","interval":3,"level":"info","msg":"SyncRouterStop","time":"2023-05-09T22:35:31+08:00"}
{"app_config":{"Env":"develop","Port":9000,"ConfigDriver":"file","RouterDir":"./config/router","APIDir":"./config/service","LogDir":"./log","SyncInterval":3,"Debug":false},"channel":"svc","level":"info","msg":"AppConfig","time":"2023-05-09T22:35:35+08:00"}
{"channel":"svc","level":"info","msg":"SyncAPIOnce","time":"2023-05-09T22:35:38+08:00"}
{"channel":"svc","level":"info","msg":"SyncAPIOnce","time":"2023-05-09T22:35:41+08:00"}
{"channel":"svc","level":"info","msg":"SyncAPIOnce","time":"2023-05-09T22:35:44+08:00"}
{"channel":"svc","level":"info","msg":"SyncAPIOnce","time":"2023-05-09T22:35:47+08:00"}
{"channel":"svc","level":"info","msg":"SyncAPIOnce","time":"2023-05-09T22:35:50+08:00"}
{"channel":"svc","level":"info","msg":"SyncAPIOnce","time":"2023-05-09T22:35:53+08:00"}
{"channel":"svc","level":"info","msg":"SyncAPIOnce","time":"2023-05-09T22:35:56+08:00"}
{"channel":"svc","level":"info","msg":"SyncAPIOnce","time":"2023-05-09T22:35:59+08:00"}
{"channel":"svc","level":"info","msg":"SyncAPIOnce","time":"2023-05-09T22:36:02+08:00"}
{"channel":"svc","level":"info","message":"Recieved Stop Signal","msg":"StopSyncRouter","time":"2023-05-09T22:36:03+08:00"}
{"channel":"svc","interval":3,"level":"info","msg":"SyncRouterStop","time":"2023-05-09T22:36:03+08:00"}
{"app_config":{"Env":"develop","Port":9000,"ConfigDriver":"file","RouterDir":"./config/router","APIDir":"./config/service","LogDir":"./log","SyncInterval":3,"Debug":false},"channel":"svc","level":"info","msg":"AppConfig","time":"2023-05-09T22:36:07+08:00"}
{"channel":"svc","level":"info","msg":"SyncAPIOnce","time":"2023-05-09T22:36:10+08:00"}
{"channel":"svc","level":"info","msg":"SyncAPIOnce","time":"2023-05-09T22:36:13+08:00"}
{"channel":"svc","level":"info","msg":"SyncAPIOnce","time":"2023-05-09T22:36:16+08:00"}
{"channel":"svc","level":"info","msg":"SyncAPIOnce","time":"2023-05-09T22:36:19+08:00"}
{"channel":"svc","level":"info","msg":"SyncAPIOnce","time":"2023-05-09T22:36:22+08:00"}
{"channel":"svc","level":"info","msg":"SyncAPIOnce","time":"2023-05-09T22:36:25+08:00"}
{"channel":"svc","level":"info","msg":"SyncAPIOnce","time":"2023-05-09T22:36:28+08:00"}
{"channel":"svc","level":"info","msg":"SyncAPIOnce","time":"2023-05-09T22:36:31+08:00"}
{"channel":"svc","level":"info","msg":"SyncAPIOnce","time":"2023-05-09T22:36:34+08:00"}
{"channel":"svc","level":"info","msg":"SyncAPIOnce","time":"2023-05-09T22:36:37+08:00"}
{"channel":"svc","level":"info","msg":"SyncAPIOnce","time":"2023-05-09T22:36:40+08:00"}
{"channel":"svc","level":"info","msg":"SyncAPIOnce","time":"2023-05-09T22:36:43+08:00"}
{"channel":"svc","level":"info","message":"Recieved Stop Signal","msg":"StopSyncRouter","time":"2023-05-09T22:36:43+08:00"}
{"channel":"svc","interval":3,"level":"info","msg":"SyncRouterStop","time":"2023-05-09T22:36:43+08:00"}
{"app_config":{"Env":"develop","Port":9000,"ConfigDriver":"file","RouterDir":"./config/router","APIDir":"./config/service","LogDir":"./log","SyncInterval":3,"Debug":false},"channel":"svc","level":"info","msg":"AppConfig","time":"2023-05-09T22:36:47+08:00"}
{"channel":"svc","level":"info","msg":"SyncAPIOnce","time":"2023-05-09T22:36:50+08:00"}
{"channel":"svc","level":"info","msg":"SyncAPIOnce","time":"2023-05-09T22:36:53+08:00"}
{"channel":"svc","level":"info","msg":"SyncAPIOnce","time":"2023-05-09T22:36:56+08:00"}
{"channel":"svc","level":"info","msg":"SyncAPIOnce","time":"2023-05-09T22:36:59+08:00"}
{"channel":"svc","level":"info","msg":"SyncAPIOnce","time":"2023-05-09T22:37:02+08:00"}
{"channel":"svc","level":"info","msg":"SyncAPIOnce","time":"2023-05-09T22:37:05+08:00"}
{"channel":"svc","level":"info","msg":"SyncAPIOnce","time":"2023-05-09T22:37:08+08:00"}
{"channel":"svc","level":"info","msg":"SyncAPIOnce","time":"2023-05-09T22:37:11+08:00"}
{"channel":"svc","level":"info","msg":"SyncAPIOnce","time":"2023-05-09T22:37:14+08:00"}
{"channel":"svc","level":"info","msg":"SyncAPIOnce","time":"2023-05-09T22:37:17+08:00"}
{"channel":"svc","level":"info","msg":"SyncAPIOnce","time":"2023-05-09T22:37:20+08:00"}
{"channel":"svc","level":"info","msg":"SyncAPIOnce","time":"2023-05-09T22:37:23+08:00"}
{"channel":"svc","level":"info","msg":"SyncAPIOnce","time":"2023-05-09T22:37:26+08:00"}
{"channel":"svc","level":"info","msg":"SyncAPIOnce","time":"2023-05-09T22:37:30+08:00"}
{"channel":"svc","level":"info","msg":"SyncAPIOnce","time":"2023-05-09T22:37:33+08:00"}
{"channel":"svc","level":"info","msg":"SyncAPIOnce","time":"2023-05-09T22:37:36+08:00"}
{"channel":"svc","level":"info","msg":"SyncAPIOnce","time":"2023-05-09T22:37:39+08:00"}
{"channel":"svc","level":"info","message":"Recieved Stop Signal","msg":"StopSyncRouter","time":"2023-05-09T22:37:39+08:00"}
{"channel":"svc","interval":3,"level":"info","msg":"SyncRouterStop","time":"2023-05-09T22:37:39+08:00"}
{"app_config":{"Env":"develop","Port":9000,"ConfigDriver":"file","RouterDir":"./config/router","APIDir":"./config/service","LogDir":"./log","SyncInterval":3,"Debug":false},"channel":"svc","level":"info","msg":"AppConfig","time":"2023-05-09T22:37:42+08:00"}
{"channel":"svc","level":"info","msg":"SyncAPIOnce","time":"2023-05-09T22:37:45+08:00"}
{"channel":"svc","level":"info","msg":"SyncAPIOnce","time":"2023-05-09T22:37:48+08:00"}
{"channel":"svc","level":"info","msg":"SyncAPIOnce","time":"2023-05-09T22:37:51+08:00"}
{"channel":"svc","level":"info","msg":"SyncAPIOnce","time":"2023-05-09T22:37:54+08:00"}
{"channel":"svc","level":"info","msg":"SyncAPIOnce","time":"2023-05-09T22:37:57+08:00"}
{"channel":"svc","level":"info","msg":"SyncAPIOnce","time":"2023-05-09T22:38:00+08:00"}
{"channel":"svc","level":"info","msg":"SyncAPIOnce","time":"2023-05-09T22:38:03+08:00"}
{"channel":"svc","level":"info","msg":"SyncAPIOnce","time":"2023-05-09T22:38:06+08:00"}
{"channel":"svc","level":"info","msg":"SyncAPIOnce","time":"2023-05-09T22:38:09+08:00"}
{"channel":"svc","level":"info","msg":"SyncAPIOnce","time":"2023-05-09T22:38:12+08:00"}
{"channel":"svc","level":"info","msg":"SyncAPIOnce","time":"2023-05-09T22:38:15+08:00"}
{"channel":"svc","level":"info","msg":"SyncAPIOnce","time":"2023-05-09T22:38:18+08:00"}
{"channel":"svc","level":"info","msg":"SyncAPIOnce","time":"2023-05-09T22:38:21+08:00"}
{"channel":"svc","level":"info","msg":"SyncAPIOnce","time":"2023-05-09T22:38:24+08:00"}
{"channel":"svc","level":"info","msg":"SyncAPIOnce","time":"2023-05-09T22:38:27+08:00"}
{"channel":"svc","level":"info","msg":"SyncAPIOnce","time":"2023-05-09T22:38:30+08:00"}
{"channel":"svc","level":"info","msg":"SyncAPIOnce","time":"2023-05-09T22:38:33+08:00"}
{"channel":"svc","level":"info","msg":"SyncAPIOnce","time":"2023-05-09T22:38:36+08:00"}
{"channel":"svc","level":"info","msg":"SyncAPIOnce","time":"2023-05-09T22:38:39+08:00"}
{"channel":"svc","level":"info","msg":"SyncAPIOnce","time":"2023-05-09T22:38:42+08:00"}
{"channel":"svc","level":"info","msg":"SyncAPIOnce","time":"2023-05-09T22:38:45+08:00"}
{"channel":"svc","level":"info","msg":"SyncAPIOnce","time":"2023-05-09T22:38:48+08:00"}
{"channel":"svc","level":"info","msg":"SyncAPIOnce","time":"2023-05-09T22:38:51+08:00"}
{"channel":"svc","level":"info","message":"Recieved Stop Signal","msg":"StopSyncRouter","time":"2023-05-09T22:38:53+08:00"}
{"channel":"svc","interval":3,"level":"info","msg":"SyncRouterStop","time":"2023-05-09T22:38:53+08:00"}
{"app_config":{"Env":"develop","Port":9000,"ConfigDriver":"file","RouterDir":"./config/router","APIDir":"./config/service","LogDir":"./log","SyncInterval":3,"Debug":false},"channel":"svc","level":"info","msg":"AppConfig","time":"2023-05-09T22:38:56+08:00"}
{"channel":"svc","level":"info","msg":"SyncAPIOnce","time":"2023-05-09T22:38:59+08:00"}
{"channel":"svc","level":"info","msg":"SyncAPIOnce","time":"2023-05-09T22:39:02+08:00"}
{"channel":"svc","level":"info","msg":"SyncAPIOnce","time":"2023-05-09T22:39:05+08:00"}
{"channel":"svc","level":"info","msg":"SyncAPIOnce","time":"2023-05-09T22:39:08+08:00"}
{"channel":"svc","level":"info","msg":"SyncAPIOnce","time":"2023-05-09T22:39:11+08:00"}
{"channel":"svc","level":"info","msg":"SyncAPIOnce","time":"2023-05-09T22:39:14+08:00"}
{"channel":"svc","level":"info","msg":"SyncAPIOnce","time":"2023-05-09T22:39:17+08:00"}
{"channel":"svc","level":"info","msg":"SyncAPIOnce","time":"2023-05-09T22:39:20+08:00"}
{"channel":"svc","level":"info","msg":"SyncAPIOnce","time":"2023-05-09T22:39:23+08:00"}
{"channel":"svc","level":"info","msg":"SyncAPIOnce","time":"2023-05-09T22:39:26+08:00"}
{"channel":"svc","level":"info","message":"Recieved Stop Signal","msg":"StopSyncRouter","time":"2023-05-09T22:39:29+08:00"}
{"channel":"svc","interval":3,"level":"info","msg":"SyncRouterStop","time":"2023-05-09T22:39:29+08:00"}
{"app_config":{"Env":"develop","Port":9000,"ConfigDriver":"file","RouterDir":"./config/router","APIDir":"./config/service","LogDir":"./log","SyncInterval":3,"Debug":false},"channel":"svc","level":"info","msg":"AppConfig","time":"2023-05-09T22:39:35+08:00"}
{"channel":"svc","level":"info","msg":"SyncAPIOnce","time":"2023-05-09T22:39:38+08:00"}
{"channel":"svc","level":"info","msg":"SyncAPIOnce","time":"2023-05-09T22:39:41+08:00"}
{"channel":"svc","level":"info","message":"Recieved Stop Signal","msg":"StopSyncRouter","time":"2023-05-09T22:39:42+08:00"}
{"channel":"svc","interval":3,"level":"info","msg":"SyncRouterStop","time":"2023-05-09T22:39:42+08:00"}
{"app_config":{"Env":"develop","Port":9000,"ConfigDriver":"file","RouterDir":"./config/router","APIDir":"./config/service","LogDir":"./log","SyncInterval":3,"Debug":false},"channel":"svc","level":"info","msg":"AppConfig","time":"2023-05-09T22:40:09+08:00"}
{"channel":"svc","level":"info","msg":"SyncAPIOnce","time":"2023-05-09T22:40:12+08:00"}
{"channel":"svc","level":"info","msg":"SyncAPIOnce","time":"2023-05-09T22:40:15+08:00"}
{"channel":"svc","level":"info","msg":"SyncAPIOnce","time":"2023-05-09T22:40:18+08:00"}
{"channel":"svc","level":"info","msg":"SyncAPIOnce","time":"2023-05-09T22:40:21+08:00"}
{"channel":"svc","level":"info","msg":"SyncAPIOnce","time":"2023-05-09T22:40:24+08:00"}
{"channel":"svc","level":"info","message":"Recieved Stop Signal","msg":"StopSyncRouter","time":"2023-05-09T22:40:26+08:00"}
{"channel":"svc","interval":3,"level":"info","msg":"SyncRouterStop","time":"2023-05-09T22:40:26+08:00"}
{"app_config":{"Env":"develop","Port":9000,"ConfigDriver":"file","RouterDir":"./config/router","APIDir":"./config/service","LogDir":"./log","SyncInterval":3,"Debug":false},"channel":"svc","level":"info","msg":"AppConfig","time":"2023-05-09T22:40:32+08:00"}
{"channel":"svc","level":"info","msg":"SyncAPIOnce","time":"2023-05-09T22:40:35+08:00"}
{"channel":"svc","level":"info","msg":"SyncAPIOnce","time":"2023-05-09T22:40:38+08:00"}
{"channel":"svc","level":"info","msg":"SyncAPIOnce","time":"2023-05-09T22:40:41+08:00"}
{"channel":"svc","level":"info","msg":"SyncAPIOnce","time":"2023-05-09T22:40:44+08:00"}
{"channel":"svc","level":"info","message":"Recieved Stop Signal","msg":"StopSyncRouter","time":"2023-05-09T22:40:44+08:00"}
{"channel":"svc","interval":3,"level":"info","msg":"SyncRouterStop","time":"2023-05-09T22:40:44+08:00"}
